(index):93 [addListener ]  mousemove  e = 
(index):94 MouseEvent {isTrusted: true, screenX: 974, screenY: 572, clientX: 974, clientY: 470, …}
(index):96 [addListener ] node = 
(index):97 undefined
(index):100 [addListener ] history = 
(index):101 X.Block {_id: 25, _tag: "history", _position: {…}, _anchor: {…}, _width: 299.86572, …}
(index):102 [addListener ] dialog = 
(index):103 X.Block {_id: 8, _displayName: "块", _tag: "dialog", _position: {…}, _anchor: {…}, …}
(index):93 [addListener ]  mousemove  e = 
(index):94 MouseEvent {isTrusted: true, screenX: 949, screenY: 488, clientX: 949, clientY: 386, …}
(index):96 [addListener ] node = 
(index):97 undefined
(index):100 [addListener ] history = 
(index):101 X.Block {_id: 25, _tag: "history", _position: {…}, _anchor: {…}, _width: 299.86572, …}
(index):102 [addListener ] dialog = 
(index):103 X.Block {_id: 8, _displayName: "块", _tag: "dialog", _position: {…}, _anchor: {…}, …}
(index):93 [addListener ]  mousemove  e = 
(index):94 MouseEvent {isTrusted: true, screenX: 941, screenY: 419, clientX: 941, clientY: 317, …}
(index):96 [addListener ] node = 
(index):97 undefined
(index):100 [addListener ] history = 
(index):101 X.Block {_id: 25, _tag: "history", _position: {…}, _anchor: {…}, _width: 299.86572, …}
(index):102 [addListener ] dialog = 
(index):103 X.Block {_id: 8, _displayName: "块", _tag: "dialog", _position: {…}, _anchor: {…}, …}
(index):93 [addListener ]  mousemove  e = 
(index):94 MouseEvent {isTrusted: true, screenX: 939, screenY: 391, clientX: 939, clientY: 289, …}
(index):96 [addListener ] node = 
(index):97 undefined
(index):100 [addListener ] history = 
(index):101 X.Block {_id: 25, _tag: "history", _position: {…}, _anchor: {…}, _width: 299.86572, …}
(index):102 [addListener ] dialog = 
(index):103 X.Block {_id: 8, _displayName: "块", _tag: "dialog", _position: {…}, _anchor: {…}, …}
(index):93 [addListener ]  mousemove  e = 
(index):94 MouseEvent {isTrusted: true, screenX: 936, screenY: 365, clientX: 936, clientY: 263, …}
(index):96 [addListener ] node = 
(index):97 undefined
(index):100 [addListener ] history = 
(index):101 X.Block {_id: 25, _tag: "history", _position: {…}, _anchor: {…}, _width: 299.86572, …}
(index):102 [addListener ] dialog = 
(index):103 X.Block {_id: 8, _displayName: "块", _tag: "dialog", _position: {…}, _anchor: {…}, …}
(index):93 [addListener ]  mousemove  e = 
(index):94 MouseEvent {isTrusted: true, screenX: 934, screenY: 359, clientX: 934, clientY: 257, …}
(index):96 [addListener ] node = 
(index):97 undefined
(index):100 [addListener ] history = 
(index):101 X.Block {_id: 25, _tag: "history", _position: {…}, _anchor: {…}, _width: 299.86572, …}
(index):102 [addListener ] dialog = 
(index):103 X.Block {_id: 8, _displayName: "块", _tag: "dialog", _position: {…}, _anchor: {…}, …}
(index):93 [addListener ]  mousemove  e = 
(index):94 MouseEvent {isTrusted: true, screenX: 932, screenY: 356, clientX: 932, clientY: 254, …}
(index):96 [addListener ] node = 
(index):97 undefined
(index):100 [addListener ] history = 
(index):101 X.Block {_id: 25, _tag: "history", _position: {…}, _anchor: {…}, _width: 299.86572, …}
(index):102 [addListener ] dialog = 
(index):103 X.Block {_id: 8, _displayName: "块", _tag: "dialog", _position: {…}, _anchor: {…}, …}
(index):93 [addListener ]  mousemove  e = 
(index):94 MouseEvent {isTrusted: true, screenX: 931, screenY: 355, clientX: 931, clientY: 253, …}
(index):96 [addListener ] node = 
(index):97 undefined
(index):100 [addListener ] history = 
(index):101 X.Block {_id: 25, _tag: "history", _position: {…}, _anchor: {…}, _width: 299.86572, …}
(index):102 [addListener ] dialog = 
(index):103 X.Block {_id: 8, _displayName: "块", _tag: "dialog", _position: {…}, _anchor: {…}, …}
(index):93 [addListener ]  mousemove  e = 
(index):94 MouseEvent {isTrusted: true, screenX: 927, screenY: 354, clientX: 927, clientY: 252, …}
(index):96 [addListener ] node = 
(index):97 undefined
(index):100 [addListener ] history = 
(index):101 X.Block {_id: 25, _tag: "history", _position: {…}, _anchor: {…}, _width: 299.86572, …}
(index):102 [addListener ] dialog = 
(index):103 X.Block {_id: 8, _displayName: "块", _tag: "dialog", _position: {…}, _anchor: {…}, …}
(index):93 [addListener ]  mousemove  e = 
(index):94 MouseEvent {isTrusted: true, screenX: 921, screenY: 352, clientX: 921, clientY: 250, …}
(index):96 [addListener ] node = 
(index):97 undefined
(index):100 [addListener ] history = 
(index):101 X.Block {_id: 25, _tag: "history", _position: {…}, _anchor: {…}, _width: 299.86572, …}
(index):102 [addListener ] dialog = 
(index):103 X.Block {_id: 8, _displayName: "块", _tag: "dialog", _position: {…}, _anchor: {…}, …}
(index):93 [addListener ]  mousemove  e = 
(index):94 MouseEvent {isTrusted: true, screenX: 915, screenY: 348, clientX: 915, clientY: 246, …}
(index):96 [addListener ] node = 
(index):97 undefined
(index):100 [addListener ] history = 
(index):101 X.Block {_id: 25, _tag: "history", _position: {…}, _anchor: {…}, _width: 299.86572, …}
(index):102 [addListener ] dialog = 
(index):103 X.Block {_id: 8, _displayName: "块", _tag: "dialog", _position: {…}, _anchor: {…}, …}
(index):93 [addListener ]  mousemove  e = 
(index):94 MouseEvent {isTrusted: true, screenX: 912, screenY: 348, clientX: 912, clientY: 246, …}
(index):96 [addListener ] node = 
(index):97 undefined
(index):100 [addListener ] history = 
(index):101 X.Block {_id: 25, _tag: "history", _position: {…}, _anchor: {…}, _width: 299.86572, …}
(index):102 [addListener ] dialog = 
(index):103 X.Block {_id: 8, _displayName: "块", _tag: "dialog", _position: {…}, _anchor: {…}, …}
(index):93 [addListener ]  mousemove  e = 
(index):94 MouseEvent {isTrusted: true, screenX: 907, screenY: 348, clientX: 907, clientY: 246, …}
(index):96 [addListener ] node = 
(index):97 undefined
(index):100 [addListener ] history = 
(index):101 X.Block {_id: 25, _tag: "history", _position: {…}, _anchor: {…}, _width: 299.86572, …}
(index):102 [addListener ] dialog = 
(index):103 X.Block {_id: 8, _displayName: "块", _tag: "dialog", _position: {…}, _anchor: {…}, …}
(index):93 [addListener ]  mousemove  e = 
(index):94 MouseEvent {isTrusted: true, screenX: 901, screenY: 347, clientX: 901, clientY: 245, …}
(index):96 [addListener ] node = 
(index):97 undefined
(index):100 [addListener ] history = 
(index):101 X.Block {_id: 25, _tag: "history", _position: {…}, _anchor: {…}, _width: 299.86572, …}
(index):102 [addListener ] dialog = 
(index):103 X.Block {_id: 8, _displayName: "块", _tag: "dialog", _position: {…}, _anchor: {…}, …}
(index):93 [addListener ]  mousemove  e = 
(index):94 MouseEvent {isTrusted: true, screenX: 891, screenY: 345, clientX: 891, clientY: 243, …}
(index):96 [addListener ] node = 
(index):97 undefined
(index):100 [addListener ] history = 
(index):101 X.Block {_id: 25, _tag: "history", _position: {…}, _anchor: {…}, _width: 299.86572, …}
(index):102 [addListener ] dialog = 
(index):103 X.Block {_id: 8, _displayName: "块", _tag: "dialog", _position: {…}, _anchor: {…}, …}
(index):93 [addListener ]  mousemove  e = 
(index):94 MouseEvent {isTrusted: true, screenX: 884, screenY: 343, clientX: 884, clientY: 241, …}
(index):96 [addListener ] node = 
(index):97 undefined
(index):100 [addListener ] history = 
(index):101 X.Block {_id: 25, _tag: "history", _position: {…}, _anchor: {…}, _width: 299.86572, …}
(index):102 [addListener ] dialog = 
(index):103 X.Block {_id: 8, _displayName: "块", _tag: "dialog", _position: {…}, _anchor: {…}, …}
(index):93 [addListener ]  mousemove  e = 
(index):94 MouseEvent {isTrusted: true, screenX: 882, screenY: 342, clientX: 882, clientY: 240, …}
(index):96 [addListener ] node = 
(index):97 undefined
(index):100 [addListener ] history = 
(index):101 X.Block {_id: 25, _tag: "history", _position: {…}, _anchor: {…}, _width: 299.86572, …}
(index):102 [addListener ] dialog = 
(index):103 X.Block {_id: 8, _displayName: "块", _tag: "dialog", _position: {…}, _anchor: {…}, …}
(index):93 [addListener ]  mousemove  e = 
(index):94 MouseEvent {isTrusted: true, screenX: 880, screenY: 341, clientX: 880, clientY: 239, …}
(index):96 [addListener ] node = 
(index):97 undefined
(index):100 [addListener ] history = 
(index):101 X.Block {_id: 25, _tag: "history", _position: {…}, _anchor: {…}, _width: 299.86572, …}
(index):102 [addListener ] dialog = 
(index):103 X.Block {_id: 8, _displayName: "块", _tag: "dialog", _position: {…}, _anchor: {…}, …}
(index):93 [addListener ]  mousemove  e = 
(index):94 MouseEvent {isTrusted: true, screenX: 878, screenY: 340, clientX: 878, clientY: 238, …}
(index):96 [addListener ] node = 
(index):97 undefined
(index):100 [addListener ] history = 
(index):101 X.Block {_id: 25, _tag: "history", _position: {…}, _anchor: {…}, _width: 299.86572, …}
(index):102 [addListener ] dialog = 
(index):103 X.Block {_id: 8, _displayName: "块", _tag: "dialog", _position: {…}, _anchor: {…}, …}
(index):93 [addListener ]  mousemove  e = 
(index):94 MouseEvent {isTrusted: true, screenX: 873, screenY: 339, clientX: 873, clientY: 237, …}
(index):96 [addListener ] node = 
(index):97 undefined
(index):100 [addListener ] history = 
(index):101 X.Block {_id: 25, _tag: "history", _position: {…}, _anchor: {…}, _width: 299.86572, …}
(index):102 [addListener ] dialog = 
(index):103 X.Block {_id: 8, _displayName: "块", _tag: "dialog", _position: {…}, _anchor: {…}, …}
(index):93 [addListener ]  mousemove  e = 
(index):94 MouseEvent {isTrusted: true, screenX: 869, screenY: 338, clientX: 869, clientY: 236, …}
(index):96 [addListener ] node = 
(index):97 undefined
(index):100 [addListener ] history = 
(index):101 X.Block {_id: 25, _tag: "history", _position: {…}, _anchor: {…}, _width: 299.86572, …}
(index):102 [addListener ] dialog = 
(index):103 X.Block {_id: 8, _displayName: "块", _tag: "dialog", _position: {…}, _anchor: {…}, …}
(index):93 [addListener ]  mousemove  e = 
(index):94 MouseEvent {isTrusted: true, screenX: 864, screenY: 336, clientX: 864, clientY: 234, …}
(index):96 [addListener ] node = 
(index):97 undefined
(index):100 [addListener ] history = 
(index):101 X.Block {_id: 25, _tag: "history", _position: {…}, _anchor: {…}, _width: 299.86572, …}
(index):102 [addListener ] dialog = 
(index):103 X.Block {_id: 8, _displayName: "块", _tag: "dialog", _position: {…}, _anchor: {…}, …}
(index):93 [addListener ]  mousemove  e = 
(index):94 MouseEvent {isTrusted: true, screenX: 861, screenY: 336, clientX: 861, clientY: 234, …}
(index):96 [addListener ] node = 
(index):97 undefined
(index):100 [addListener ] history = 
(index):101 X.Block {_id: 25, _tag: "history", _position: {…}, _anchor: {…}, _width: 299.86572, …}
(index):102 [addListener ] dialog = 
(index):103 X.Block {_id: 8, _displayName: "块", _tag: "dialog", _position: {…}, _anchor: {…}, …}
(index):93 [addListener ]  mousemove  e = 
(index):94 MouseEvent {isTrusted: true, screenX: 859, screenY: 336, clientX: 859, clientY: 234, …}
(index):96 [addListener ] node = 
(index):97 undefined
(index):100 [addListener ] history = 
(index):101 X.Block {_id: 25, _tag: "history", _position: {…}, _anchor: {…}, _width: 299.86572, …}
(index):102 [addListener ] dialog = 
(index):103 X.Block {_id: 8, _displayName: "块", _tag: "dialog", _position: {…}, _anchor: {…}, …}
(index):93 [addListener ]  mousemove  e = 
(index):94 MouseEvent {isTrusted: true, screenX: 857, screenY: 334, clientX: 857, clientY: 232, …}
(index):96 [addListener ] node = 
(index):97 undefined
(index):100 [addListener ] history = 
(index):101 X.Block {_id: 25, _tag: "history", _position: {…}, _anchor: {…}, _width: 299.86572, …}
(index):102 [addListener ] dialog = 
(index):103 X.Block {_id: 8, _displayName: "块", _tag: "dialog", _position: {…}, _anchor: {…}, …}
(index):93 [addListener ]  mousemove  e = 
(index):94 MouseEvent {isTrusted: true, screenX: 854, screenY: 334, clientX: 854, clientY: 232, …}
(index):96 [addListener ] node = 
(index):97 undefined
(index):100 [addListener ] history = 
(index):101 X.Block {_id: 25, _tag: "history", _position: {…}, _anchor: {…}, _width: 299.86572, …}
(index):102 [addListener ] dialog = 
(index):103 X.Block {_id: 8, _displayName: "块", _tag: "dialog", _position: {…}, _anchor: {…}, …}
(index):93 [addListener ]  mousemove  e = 
(index):94 MouseEvent {isTrusted: true, screenX: 851, screenY: 334, clientX: 851, clientY: 232, …}
(index):96 [addListener ] node = 
(index):97 undefined
(index):100 [addListener ] history = 
(index):101 X.Block {_id: 25, _tag: "history", _position: {…}, _anchor: {…}, _width: 299.86572, …}
(index):102 [addListener ] dialog = 
(index):103 X.Block {_id: 8, _displayName: "块", _tag: "dialog", _position: {…}, _anchor: {…}, …}
(index):93 [addListener ]  mousemove  e = 
(index):94 MouseEvent {isTrusted: true, screenX: 847, screenY: 334, clientX: 847, clientY: 232, …}
(index):96 [addListener ] node = 
(index):97 undefined
(index):100 [addListener ] history = 
(index):101 X.Block {_id: 25, _tag: "history", _position: {…}, _anchor: {…}, _width: 299.86572, …}
(index):102 [addListener ] dialog = 
(index):103 X.Block {_id: 8, _displayName: "块", _tag: "dialog", _position: {…}, _anchor: {…}, …}
(index):93 [addListener ]  mousemove  e = 
(index):94 MouseEvent {isTrusted: true, screenX: 844, screenY: 333, clientX: 844, clientY: 231, …}
(index):96 [addListener ] node = 
(index):97 undefined
(index):100 [addListener ] history = 
(index):101 X.Block {_id: 25, _tag: "history", _position: {…}, _anchor: {…}, _width: 299.86572, …}
(index):102 [addListener ] dialog = 
(index):103 X.Block {_id: 8, _displayName: "块", _tag: "dialog", _position: {…}, _anchor: {…}, …}
(index):93 [addListener ]  mousemove  e = 
(index):94 MouseEvent {isTrusted: true, screenX: 840, screenY: 333, clientX: 840, clientY: 231, …}
(index):96 [addListener ] node = 
(index):97 X.Node {_id: 4, _displayName: "标注", _image: "标注.json", _pendingCheckImageJSON: false, _host: X.Node, …}
(index):100 [addListener ] history = 
(index):101 X.Block {_id: 25, _tag: "history", _position: {…}, _anchor: {…}, _width: 299.86572, …}
(index):102 [addListener ] dialog = 
(index):103 X.Block {_id: 8, _displayName: "块", _tag: "dialog", _position: {…}, _anchor: {…}, …}
(index):105 node.getHost()  = 
(index):106 X.Node {_id: 24, _69O: X.List, _tag: "sensorHost", _position: {…}, _width: 1, …}
(index):93 [addListener ]  mousemove  e = 
(index):94 MouseEvent {isTrusted: true, screenX: 838, screenY: 332, clientX: 838, clientY: 230, …}
(index):96 [addListener ] node = 
(index):97 X.Block {_id: 8, _displayName: "块", _tag: "dialog", _position: {…}, _anchor: {…}, …}
(index):100 [addListener ] history = 
(index):101 X.Block {_id: 25, _tag: "history", _position: {…}, _anchor: {…}, _width: 299.86572, …}
(index):102 [addListener ] dialog = 
(index):103 X.Block {_id: 8, _displayName: "块", _tag: "dialog", _position: {…}, _anchor: {…}, …}
(index):105 node.getHost()  = 
(index):106 null
(index):93 [addListener ]  mousemove  e = 
(index):94 MouseEvent {isTrusted: true, screenX: 839, screenY: 332, clientX: 839, clientY: 230, …}
(index):96 [addListener ] node = 
(index):97 X.Block {_id: 8, _displayName: "块", _tag: "dialog", _position: {…}, _anchor: {…}, …}
(index):100 [addListener ] history = 
(index):101 X.Block {_id: 25, _tag: "history", _position: {…}, _anchor: {…}, _width: 299.86572, …}
(index):102 [addListener ] dialog = 
(index):103 X.Block {_id: 8, _displayName: "块", _tag: "dialog", _position: {…}, _anchor: {…}, …}
(index):105 node.getHost()  = 
(index):106 null
(index):93 [addListener ]  mousemove  e = 
(index):94 MouseEvent {isTrusted: true, screenX: 843, screenY: 332, clientX: 843, clientY: 230, …}
(index):96 [addListener ] node = 
(index):97 X.Block {_id: 8, _displayName: "块", _tag: "dialog", _position: {…}, _anchor: {…}, …}
(index):100 [addListener ] history = 
(index):101 X.Block {_id: 25, _tag: "history", _position: {…}, _anchor: {…}, _width: 299.86572, …}
(index):102 [addListener ] dialog = 
(index):103 X.Block {_id: 8, _displayName: "块", _tag: "dialog", _position: {…}, _anchor: {…}, …}
(index):105 node.getHost()  = 
(index):106 null
(index):93 [addListener ]  mousemove  e = 
(index):94 MouseEvent {isTrusted: true, screenX: 851, screenY: 332, clientX: 851, clientY: 230, …}
(index):96 [addListener ] node = 
(index):97 X.Block {_id: 8, _displayName: "块", _tag: "dialog", _position: {…}, _anchor: {…}, …}
(index):100 [addListener ] history = 
(index):101 X.Block {_id: 25, _tag: "history", _position: {…}, _anchor: {…}, _width: 299.86572, …}
(index):102 [addListener ] dialog = 
(index):103 X.Block {_id: 8, _displayName: "块", _tag: "dialog", _position: {…}, _anchor: {…}, …}
(index):105 node.getHost()  = 
(index):106 null
(index):93 [addListener ]  mousemove  e = 
(index):94 MouseEvent {isTrusted: true, screenX: 861, screenY: 332, clientX: 861, clientY: 230, …}
(index):96 [addListener ] node = 
(index):97 X.Block {_id: 8, _displayName: "块", _tag: "dialog", _position: {…}, _anchor: {…}, …}
(index):100 [addListener ] history = 
(index):101 X.Block {_id: 25, _tag: "history", _position: {…}, _anchor: {…}, _width: 299.86572, …}
(index):102 [addListener ] dialog = 
(index):103 X.Block {_id: 8, _displayName: "块", _tag: "dialog", _position: {…}, _anchor: {…}, …}
(index):105 node.getHost()  = 
(index):106 null
(index):93 [addListener ]  mousemove  e = 
(index):94 MouseEvent {isTrusted: true, screenX: 869, screenY: 334, clientX: 869, clientY: 232, …}
(index):96 [addListener ] node = 
(index):97 X.Block {_id: 8, _displayName: "块", _tag: "dialog", _position: {…}, _anchor: {…}, …}
(index):100 [addListener ] history = 
(index):101 X.Block {_id: 25, _tag: "history", _position: {…}, _anchor: {…}, _width: 299.86572, …}
(index):102 [addListener ] dialog = 
(index):103 X.Block {_id: 8, _displayName: "块", _tag: "dialog", _position: {…}, _anchor: {…}, …}
(index):105 node.getHost()  = 
(index):106 null
(index):93 [addListener ]  mousemove  e = 
(index):94 MouseEvent {isTrusted: true, screenX: 874, screenY: 335, clientX: 874, clientY: 233, …}
(index):96 [addListener ] node = 
(index):97 X.Block {_id: 8, _displayName: "块", _tag: "dialog", _position: {…}, _anchor: {…}, …}
(index):100 [addListener ] history = 
(index):101 X.Block {_id: 25, _tag: "history", _position: {…}, _anchor: {…}, _width: 299.86572, …}
(index):102 [addListener ] dialog = 
(index):103 X.Block {_id: 8, _displayName: "块", _tag: "dialog", _position: {…}, _anchor: {…}, …}
(index):105 node.getHost()  = 
(index):106 null
(index):93 [addListener ]  mousemove  e = 
(index):94 MouseEvent {isTrusted: true, screenX: 882, screenY: 335, clientX: 882, clientY: 233, …}
(index):96 [addListener ] node = 
(index):97 X.Block {_id: 8, _displayName: "块", _tag: "dialog", _position: {…}, _anchor: {…}, …}
(index):100 [addListener ] history = 
(index):101 X.Block {_id: 25, _tag: "history", _position: {…}, _anchor: {…}, _width: 299.86572, …}
(index):102 [addListener ] dialog = 
(index):103 X.Block {_id: 8, _displayName: "块", _tag: "dialog", _position: {…}, _anchor: {…}, …}
(index):105 node.getHost()  = 
(index):106 null
(index):93 [addListener ]  mousemove  e = 
(index):94 MouseEvent {isTrusted: true, screenX: 889, screenY: 336, clientX: 889, clientY: 234, …}
(index):96 [addListener ] node = 
(index):97 X.Block {_id: 8, _displayName: "块", _tag: "dialog", _position: {…}, _anchor: {…}, …}
(index):100 [addListener ] history = 
(index):101 X.Block {_id: 25, _tag: "history", _position: {…}, _anchor: {…}, _width: 299.86572, …}
(index):102 [addListener ] dialog = 
(index):103 X.Block {_id: 8, _displayName: "块", _tag: "dialog", _position: {…}, _anchor: {…}, …}
(index):105 node.getHost()  = 
(index):106 null
(index):93 [addListener ]  mousemove  e = 
(index):94 MouseEvent {isTrusted: true, screenX: 897, screenY: 336, clientX: 897, clientY: 234, …}
(index):96 [addListener ] node = 
(index):97 X.Block {_id: 8, _displayName: "块", _tag: "dialog", _position: {…}, _anchor: {…}, …}
(index):100 [addListener ] history = 
(index):101 X.Block {_id: 25, _tag: "history", _position: {…}, _anchor: {…}, _width: 299.86572, …}
(index):102 [addListener ] dialog = 
(index):103 X.Block {_id: 8, _displayName: "块", _tag: "dialog", _position: {…}, _anchor: {…}, …}
(index):105 node.getHost()  = 
(index):106 null
(index):93 [addListener ]  mousemove  e = 
(index):94 MouseEvent {isTrusted: true, screenX: 903, screenY: 336, clientX: 903, clientY: 234, …}
(index):96 [addListener ] node = 
(index):97 X.Block {_id: 8, _displayName: "块", _tag: "dialog", _position: {…}, _anchor: {…}, …}
(index):100 [addListener ] history = 
(index):101 X.Block {_id: 25, _tag: "history", _position: {…}, _anchor: {…}, _width: 299.86572, …}
(index):102 [addListener ] dialog = 
(index):103 X.Block {_id: 8, _displayName: "块", _tag: "dialog", _position: {…}, _anchor: {…}, …}
(index):105 node.getHost()  = 
(index):106 null
(index):93 [addListener ]  mousemove  e = 
(index):94 MouseEvent {isTrusted: true, screenX: 906, screenY: 336, clientX: 906, clientY: 234, …}
(index):96 [addListener ] node = 
(index):97 X.Block {_id: 8, _displayName: "块", _tag: "dialog", _position: {…}, _anchor: {…}, …}
(index):100 [addListener ] history = 
(index):101 X.Block {_id: 25, _tag: "history", _position: {…}, _anchor: {…}, _width: 299.86572, …}
(index):102 [addListener ] dialog = 
(index):103 X.Block {_id: 8, _displayName: "块", _tag: "dialog", _position: {…}, _anchor: {…}, …}
(index):105 node.getHost()  = 
(index):106 null
(index):93 [addListener ]  mousemove  e = 
(index):94 MouseEvent {isTrusted: true, screenX: 910, screenY: 336, clientX: 910, clientY: 234, …}
(index):96 [addListener ] node = 
(index):97 X.Block {_id: 8, _displayName: "块", _tag: "dialog", _position: {…}, _anchor: {…}, …}
(index):100 [addListener ] history = 
(index):101 X.Block {_id: 25, _tag: "history", _position: {…}, _anchor: {…}, _width: 299.86572, …}
(index):102 [addListener ] dialog = 
(index):103 X.Block {_id: 8, _displayName: "块", _tag: "dialog", _position: {…}, _anchor: {…}, …}
(index):105 node.getHost()  = 
(index):106 null
(index):93 [addListener ]  mousemove  e = 
(index):94 MouseEvent {isTrusted: true, screenX: 911, screenY: 336, clientX: 911, clientY: 234, …}
(index):96 [addListener ] node = 
(index):97 X.Block {_id: 8, _displayName: "块", _tag: "dialog", _position: {…}, _anchor: {…}, …}
(index):100 [addListener ] history = 
(index):101 X.Block {_id: 25, _tag: "history", _position: {…}, _anchor: {…}, _width: 299.86572, …}
(index):102 [addListener ] dialog = 
(index):103 X.Block {_id: 8, _displayName: "块", _tag: "dialog", _position: {…}, _anchor: {…}, …}
(index):105 node.getHost()  = 
(index):106 null
(index):93 [addListener ]  mousemove  e = 
(index):94 MouseEvent {isTrusted: true, screenX: 913, screenY: 336, clientX: 913, clientY: 234, …}
(index):96 [addListener ] node = 
(index):97 X.Block {_id: 8, _displayName: "块", _tag: "dialog", _position: {…}, _anchor: {…}, …}
(index):100 [addListener ] history = 
(index):101 X.Block {_id: 25, _tag: "history", _position: {…}, _anchor: {…}, _width: 299.86572, …}
(index):102 [addListener ] dialog = 
(index):103 X.Block {_id: 8, _displayName: "块", _tag: "dialog", _position: {…}, _anchor: {…}, …}
(index):105 node.getHost()  = 
(index):106 null
(index):93 [addListener ]  mousemove  e = 
(index):94 MouseEvent {isTrusted: true, screenX: 915, screenY: 336, clientX: 915, clientY: 234, …}
(index):96 [addListener ] node = 
(index):97 X.Block {_id: 8, _displayName: "块", _tag: "dialog", _position: {…}, _anchor: {…}, …}
(index):100 [addListener ] history = 
(index):101 X.Block {_id: 25, _tag: "history", _position: {…}, _anchor: {…}, _width: 299.86572, …}
(index):102 [addListener ] dialog = 
(index):103 X.Block {_id: 8, _displayName: "块", _tag: "dialog", _position: {…}, _anchor: {…}, …}
(index):105 node.getHost()  = 
(index):106 null
(index):93 [addListener ]  mousemove  e = 
(index):94 MouseEvent {isTrusted: true, screenX: 918, screenY: 336, clientX: 918, clientY: 234, …}
(index):96 [addListener ] node = 
(index):97 X.Block {_id: 8, _displayName: "块", _tag: "dialog", _position: {…}, _anchor: {…}, …}
(index):100 [addListener ] history = 
(index):101 X.Block {_id: 25, _tag: "history", _position: {…}, _anchor: {…}, _width: 299.86572, …}
(index):102 [addListener ] dialog = 
(index):103 X.Block {_id: 8, _displayName: "块", _tag: "dialog", _position: {…}, _anchor: {…}, …}
(index):105 node.getHost()  = 
(index):106 null
(index):93 [addListener ]  mousemove  e = 
(index):94 MouseEvent {isTrusted: true, screenX: 919, screenY: 336, clientX: 919, clientY: 234, …}
(index):96 [addListener ] node = 
(index):97 X.Block {_id: 8, _displayName: "块", _tag: "dialog", _position: {…}, _anchor: {…}, …}
(index):100 [addListener ] history = 
(index):101 X.Block {_id: 25, _tag: "history", _position: {…}, _anchor: {…}, _width: 299.86572, …}
(index):102 [addListener ] dialog = 
(index):103 X.Block {_id: 8, _displayName: "块", _tag: "dialog", _position: {…}, _anchor: {…}, …}
(index):105 node.getHost()  = 
(index):106 null
(index):93 [addListener ]  mousemove  e = 
(index):94 MouseEvent {isTrusted: true, screenX: 921, screenY: 336, clientX: 921, clientY: 234, …}
(index):96 [addListener ] node = 
(index):97 X.Block {_id: 8, _displayName: "块", _tag: "dialog", _position: {…}, _anchor: {…}, …}
(index):100 [addListener ] history = 
(index):101 X.Block {_id: 25, _tag: "history", _position: {…}, _anchor: {…}, _width: 299.86572, …}
(index):102 [addListener ] dialog = 
(index):103 X.Block {_id: 8, _displayName: "块", _tag: "dialog", _position: {…}, _anchor: {…}, …}
(index):105 node.getHost()  = 
(index):106 null
(index):93 [addListener ]  mousemove  e = 
(index):94 MouseEvent {isTrusted: true, screenX: 922, screenY: 336, clientX: 922, clientY: 234, …}
(index):96 [addListener ] node = 
(index):97 X.Block {_id: 8, _displayName: "块", _tag: "dialog", _position: {…}, _anchor: {…}, …}
(index):100 [addListener ] history = 
(index):101 X.Block {_id: 25, _tag: "history", _position: {…}, _anchor: {…}, _width: 299.86572, …}
(index):102 [addListener ] dialog = 
(index):103 X.Block {_id: 8, _displayName: "块", _tag: "dialog", _position: {…}, _anchor: {…}, …}
(index):105 node.getHost()  = 
(index):106 null
(index):93 [addListener ]  mousemove  e = 
(index):94 MouseEvent {isTrusted: true, screenX: 925, screenY: 336, clientX: 925, clientY: 234, …}
(index):96 [addListener ] node = 
(index):97 X.Block {_id: 8, _displayName: "块", _tag: "dialog", _position: {…}, _anchor: {…}, …}
(index):100 [addListener ] history = 
(index):101 X.Block {_id: 25, _tag: "history", _position: {…}, _anchor: {…}, _width: 299.86572, …}
(index):102 [addListener ] dialog = 
(index):103 X.Block {_id: 8, _displayName: "块", _tag: "dialog", _position: {…}, _anchor: {…}, …}
(index):105 node.getHost()  = 
(index):106 null
(index):93 [addListener ]  mousemove  e = 
(index):94 MouseEvent {isTrusted: true, screenX: 931, screenY: 336, clientX: 931, clientY: 234, …}
(index):96 [addListener ] node = 
(index):97 X.Block {_id: 8, _displayName: "块", _tag: "dialog", _position: {…}, _anchor: {…}, …}
(index):100 [addListener ] history = 
(index):101 X.Block {_id: 25, _tag: "history", _position: {…}, _anchor: {…}, _width: 299.86572, …}
(index):102 [addListener ] dialog = 
(index):103 X.Block {_id: 8, _displayName: "块", _tag: "dialog", _position: {…}, _anchor: {…}, …}
(index):105 node.getHost()  = 
(index):106 null
(index):93 [addListener ]  mousemove  e = 
(index):94 MouseEvent {isTrusted: true, screenX: 932, screenY: 336, clientX: 932, clientY: 234, …}
(index):96 [addListener ] node = 
(index):97 X.Block {_id: 8, _displayName: "块", _tag: "dialog", _position: {…}, _anchor: {…}, …}
(index):100 [addListener ] history = 
(index):101 X.Block {_id: 25, _tag: "history", _position: {…}, _anchor: {…}, _width: 299.86572, …}
(index):102 [addListener ] dialog = 
(index):103 X.Block {_id: 8, _displayName: "块", _tag: "dialog", _position: {…}, _anchor: {…}, …}
(index):105 node.getHost()  = 
(index):106 null
(index):93 [addListener ]  mousemove  e = 
(index):94 MouseEvent {isTrusted: true, screenX: 934, screenY: 337, clientX: 934, clientY: 235, …}
(index):96 [addListener ] node = 
(index):97 X.Block {_id: 8, _displayName: "块", _tag: "dialog", _position: {…}, _anchor: {…}, …}
(index):100 [addListener ] history = 
(index):101 X.Block {_id: 25, _tag: "history", _position: {…}, _anchor: {…}, _width: 299.86572, …}
(index):102 [addListener ] dialog = 
(index):103 X.Block {_id: 8, _displayName: "块", _tag: "dialog", _position: {…}, _anchor: {…}, …}
(index):105 node.getHost()  = 
(index):106 null
(index):93 [addListener ]  mousemove  e = 
(index):94 MouseEvent {isTrusted: true, screenX: 935, screenY: 337, clientX: 935, clientY: 235, …}
(index):96 [addListener ] node = 
(index):97 X.Block {_id: 8, _displayName: "块", _tag: "dialog", _position: {…}, _anchor: {…}, …}
(index):100 [addListener ] history = 
(index):101 X.Block {_id: 25, _tag: "history", _position: {…}, _anchor: {…}, _width: 299.86572, …}
(index):102 [addListener ] dialog = 
(index):103 X.Block {_id: 8, _displayName: "块", _tag: "dialog", _position: {…}, _anchor: {…}, …}
(index):105 node.getHost()  = 
(index):106 null
(index):93 [addListener ]  mousemove  e = 
(index):94 MouseEvent {isTrusted: true, screenX: 937, screenY: 337, clientX: 937, clientY: 235, …}
(index):96 [addListener ] node = 
(index):97 X.Block {_id: 8, _displayName: "块", _tag: "dialog", _position: {…}, _anchor: {…}, …}
(index):100 [addListener ] history = 
(index):101 X.Block {_id: 25, _tag: "history", _position: {…}, _anchor: {…}, _width: 299.86572, …}
(index):102 [addListener ] dialog = 
(index):103 X.Block {_id: 8, _displayName: "块", _tag: "dialog", _position: {…}, _anchor: {…}, …}
(index):105 node.getHost()  = 
(index):106 null
(index):93 [addListener ]  mousemove  e = 
(index):94 MouseEvent {isTrusted: true, screenX: 939, screenY: 337, clientX: 939, clientY: 235, …}
(index):96 [addListener ] node = 
(index):97 X.Block {_id: 8, _displayName: "块", _tag: "dialog", _position: {…}, _anchor: {…}, …}
(index):100 [addListener ] history = 
(index):101 X.Block {_id: 25, _tag: "history", _position: {…}, _anchor: {…}, _width: 299.86572, …}
(index):102 [addListener ] dialog = 
(index):103 X.Block {_id: 8, _displayName: "块", _tag: "dialog", _position: {…}, _anchor: {…}, …}
(index):105 node.getHost()  = 
(index):106 null
(index):93 [addListener ]  mousemove  e = 
(index):94 MouseEvent {isTrusted: true, screenX: 941, screenY: 337, clientX: 941, clientY: 235, …}
(index):96 [addListener ] node = 
(index):97 X.Block {_id: 8, _displayName: "块", _tag: "dialog", _position: {…}, _anchor: {…}, …}
(index):100 [addListener ] history = 
(index):101 X.Block {_id: 25, _tag: "history", _position: {…}, _anchor: {…}, _width: 299.86572, …}
(index):102 [addListener ] dialog = 
(index):103 X.Block {_id: 8, _displayName: "块", _tag: "dialog", _position: {…}, _anchor: {…}, …}
(index):105 node.getHost()  = 
(index):106 null
(index):93 [addListener ]  mousemove  e = 
(index):94 MouseEvent {isTrusted: true, screenX: 943, screenY: 337, clientX: 943, clientY: 235, …}
(index):96 [addListener ] node = 
(index):97 X.Block {_id: 8, _displayName: "块", _tag: "dialog", _position: {…}, _anchor: {…}, …}
(index):100 [addListener ] history = 
(index):101 X.Block {_id: 25, _tag: "history", _position: {…}, _anchor: {…}, _width: 299.86572, …}
(index):102 [addListener ] dialog = 
(index):103 X.Block {_id: 8, _displayName: "块", _tag: "dialog", _position: {…}, _anchor: {…}, …}
(index):105 node.getHost()  = 
(index):106 null
(index):93 [addListener ]  mousemove  e = 
(index):94 MouseEvent {isTrusted: true, screenX: 944, screenY: 337, clientX: 944, clientY: 235, …}
(index):96 [addListener ] node = 
(index):97 X.Block {_id: 8, _displayName: "块", _tag: "dialog", _position: {…}, _anchor: {…}, …}
(index):100 [addListener ] history = 
(index):101 X.Block {_id: 25, _tag: "history", _position: {…}, _anchor: {…}, _width: 299.86572, …}
(index):102 [addListener ] dialog = 
(index):103 X.Block {_id: 8, _displayName: "块", _tag: "dialog", _position: {…}, _anchor: {…}, …}
(index):105 node.getHost()  = 
(index):106 null
(index):117 [g2d.mi ] enter g2d.mi ...
(index):120 [g2d.mi ] clickData 
(index):140 [g2d.mi ] exit g2d.mi ...
(index):93 [addListener ]  mousemove  e = 
(index):94 MouseEvent {isTrusted: true, screenX: 944, screenY: 337, clientX: 944, clientY: 235, …}
(index):96 [addListener ] node = 
(index):97 X.Block {_id: 8, _displayName: "块", _tag: "dialog", _position: {…}, _anchor: {…}, …}
(index):100 [addListener ] history = 
(index):101 X.Block {_id: 25, _tag: "history", _position: {…}, _anchor: {…}, _width: 299.86572, …}
(index):102 [addListener ] dialog = 
(index):103 X.Block {_id: 8, _displayName: "块", _tag: "dialog", _position: {…}, _anchor: {…}, …}
(index):105 node.getHost()  = 
(index):106 null
(index):93 [addListener ]  mousemove  e = 
(index):94 MouseEvent {isTrusted: true, screenX: 944, screenY: 338, clientX: 944, clientY: 236, …}
(index):96 [addListener ] node = 
(index):97 X.Block {_id: 8, _displayName: "块", _tag: "dialog", _position: {…}, _anchor: {…}, …}
(index):100 [addListener ] history = 
(index):101 X.Block {_id: 25, _tag: "history", _position: {…}, _anchor: {…}, _width: 299.86572, …}
(index):102 [addListener ] dialog = 
(index):103 X.Block {_id: 8, _displayName: "块", _tag: "dialog", _position: {…}, _anchor: {…}, …}
(index):105 node.getHost()  = 
(index):106 null
(index):93 [addListener ]  mousemove  e = 
(index):94 MouseEvent {isTrusted: true, screenX: 944, screenY: 340, clientX: 944, clientY: 238, …}
(index):96 [addListener ] node = 
(index):97 X.Block {_id: 8, _displayName: "块", _tag: "dialog", _position: {…}, _anchor: {…}, …}
(index):100 [addListener ] history = 
(index):101 X.Block {_id: 25, _tag: "history", _position: {…}, _anchor: {…}, _width: 299.86572, …}
(index):102 [addListener ] dialog = 
(index):103 X.Block {_id: 8, _displayName: "块", _tag: "dialog", _position: {…}, _anchor: {…}, …}
(index):105 node.getHost()  = 
(index):106 null
(index):93 [addListener ]  mousemove  e = 
(index):94 MouseEvent {isTrusted: true, screenX: 944, screenY: 343, clientX: 944, clientY: 241, …}
(index):96 [addListener ] node = 
(index):97 X.Block {_id: 8, _displayName: "块", _tag: "dialog", _position: {…}, _anchor: {…}, …}
(index):100 [addListener ] history = 
(index):101 X.Block {_id: 25, _tag: "history", _position: {…}, _anchor: {…}, _width: 299.86572, …}
(index):102 [addListener ] dialog = 
(index):103 X.Block {_id: 8, _displayName: "块", _tag: "dialog", _position: {…}, _anchor: {…}, …}
(index):105 node.getHost()  = 
(index):106 null
(index):93 [addListener ]  mousemove  e = 
(index):94 MouseEvent {isTrusted: true, screenX: 944, screenY: 347, clientX: 944, clientY: 245, …}
(index):96 [addListener ] node = 
(index):97 X.Block {_id: 8, _displayName: "块", _tag: "dialog", _position: {…}, _anchor: {…}, …}
(index):100 [addListener ] history = 
(index):101 X.Block {_id: 25, _tag: "history", _position: {…}, _anchor: {…}, _width: 299.86572, …}
(index):102 [addListener ] dialog = 
(index):103 X.Block {_id: 8, _displayName: "块", _tag: "dialog", _position: {…}, _anchor: {…}, …}
(index):105 node.getHost()  = 
(index):106 null
(index):93 [addListener ]  mousemove  e = 
(index):94 MouseEvent {isTrusted: true, screenX: 944, screenY: 350, clientX: 944, clientY: 248, …}
(index):96 [addListener ] node = 
(index):97 X.Block {_id: 8, _displayName: "块", _tag: "dialog", _position: {…}, _anchor: {…}, …}
(index):100 [addListener ] history = 
(index):101 X.Block {_id: 25, _tag: "history", _position: {…}, _anchor: {…}, _width: 299.86572, …}
(index):102 [addListener ] dialog = 
(index):103 X.Block {_id: 8, _displayName: "块", _tag: "dialog", _position: {…}, _anchor: {…}, …}
(index):105 node.getHost()  = 
(index):106 null
(index):93 [addListener ]  mousemove  e = 
(index):94 MouseEvent {isTrusted: true, screenX: 944, screenY: 353, clientX: 944, clientY: 251, …}
(index):96 [addListener ] node = 
(index):97 X.Block {_id: 8, _displayName: "块", _tag: "dialog", _position: {…}, _anchor: {…}, …}
(index):100 [addListener ] history = 
(index):101 X.Block {_id: 25, _tag: "history", _position: {…}, _anchor: {…}, _width: 299.86572, …}
(index):102 [addListener ] dialog = 
(index):103 X.Block {_id: 8, _displayName: "块", _tag: "dialog", _position: {…}, _anchor: {…}, …}
(index):105 node.getHost()  = 
(index):106 null
(index):93 [addListener ]  mousemove  e = 
(index):94 MouseEvent {isTrusted: true, screenX: 944, screenY: 357, clientX: 944, clientY: 255, …}
(index):96 [addListener ] node = 
(index):97 X.Block {_id: 8, _displayName: "块", _tag: "dialog", _position: {…}, _anchor: {…}, …}
(index):100 [addListener ] history = 
(index):101 X.Block {_id: 25, _tag: "history", _position: {…}, _anchor: {…}, _width: 299.86572, …}
(index):102 [addListener ] dialog = 
(index):103 X.Block {_id: 8, _displayName: "块", _tag: "dialog", _position: {…}, _anchor: {…}, …}
(index):105 node.getHost()  = 
(index):106 null
(index):93 [addListener ]  mousemove  e = 
(index):94 MouseEvent {isTrusted: true, screenX: 944, screenY: 365, clientX: 944, clientY: 263, …}
(index):96 [addListener ] node = 
(index):97 X.Block {_id: 8, _displayName: "块", _tag: "dialog", _position: {…}, _anchor: {…}, …}
(index):100 [addListener ] history = 
(index):101 X.Block {_id: 25, _tag: "history", _position: {…}, _anchor: {…}, _width: 299.86572, …}
(index):102 [addListener ] dialog = 
(index):103 X.Block {_id: 8, _displayName: "块", _tag: "dialog", _position: {…}, _anchor: {…}, …}
(index):105 node.getHost()  = 
(index):106 null
(index):93 [addListener ]  mousemove  e = 
(index):94 MouseEvent {isTrusted: true, screenX: 942, screenY: 374, clientX: 942, clientY: 272, …}
(index):96 [addListener ] node = 
(index):97 X.Block {_id: 8, _displayName: "块", _tag: "dialog", _position: {…}, _anchor: {…}, …}
(index):100 [addListener ] history = 
(index):101 X.Block {_id: 25, _tag: "history", _position: {…}, _anchor: {…}, _width: 299.86572, …}
(index):102 [addListener ] dialog = 
(index):103 X.Block {_id: 8, _displayName: "块", _tag: "dialog", _position: {…}, _anchor: {…}, …}
(index):105 node.getHost()  = 
(index):106 null
(index):93 [addListener ]  mousemove  e = 
(index):94 MouseEvent {isTrusted: true, screenX: 934, screenY: 385, clientX: 934, clientY: 283, …}
(index):96 [addListener ] node = 
(index):97 X.Block {_id: 8, _displayName: "块", _tag: "dialog", _position: {…}, _anchor: {…}, …}
(index):100 [addListener ] history = 
(index):101 X.Block {_id: 25, _tag: "history", _position: {…}, _anchor: {…}, _width: 299.86572, …}
(index):102 [addListener ] dialog = 
(index):103 X.Block {_id: 8, _displayName: "块", _tag: "dialog", _position: {…}, _anchor: {…}, …}
(index):105 node.getHost()  = 
(index):106 null
(index):93 [addListener ]  mousemove  e = 
(index):94 MouseEvent {isTrusted: true, screenX: 923, screenY: 400, clientX: 923, clientY: 298, …}
(index):96 [addListener ] node = 
(index):97 X.Block {_id: 8, _displayName: "块", _tag: "dialog", _position: {…}, _anchor: {…}, …}
(index):100 [addListener ] history = 
(index):101 X.Block {_id: 25, _tag: "history", _position: {…}, _anchor: {…}, _width: 299.86572, …}
(index):102 [addListener ] dialog = 
(index):103 X.Block {_id: 8, _displayName: "块", _tag: "dialog", _position: {…}, _anchor: {…}, …}
(index):105 node.getHost()  = 
(index):106 null
(index):93 [addListener ]  mousemove  e = 
(index):94 MouseEvent {isTrusted: true, screenX: 912, screenY: 415, clientX: 912, clientY: 313, …}
(index):96 [addListener ] node = 
(index):97 X.Block {_id: 8, _displayName: "块", _tag: "dialog", _position: {…}, _anchor: {…}, …}
(index):100 [addListener ] history = 
(index):101 X.Block {_id: 25, _tag: "history", _position: {…}, _anchor: {…}, _width: 299.86572, …}
(index):102 [addListener ] dialog = 
(index):103 X.Block {_id: 8, _displayName: "块", _tag: "dialog", _position: {…}, _anchor: {…}, …}
(index):105 node.getHost()  = 
(index):106 null
(index):93 [addListener ]  mousemove  e = 
(index):94 MouseEvent {isTrusted: true, screenX: 900, screenY: 430, clientX: 900, clientY: 328, …}
(index):96 [addListener ] node = 
(index):97 X.Block {_id: 8, _displayName: "块", _tag: "dialog", _position: {…}, _anchor: {…}, …}
(index):100 [addListener ] history = 
(index):101 X.Block {_id: 25, _tag: "history", _position: {…}, _anchor: {…}, _width: 299.86572, …}
(index):102 [addListener ] dialog = 
(index):103 X.Block {_id: 8, _displayName: "块", _tag: "dialog", _position: {…}, _anchor: {…}, …}
(index):105 node.getHost()  = 
(index):106 null
(index):93 [addListener ]  mousemove  e = 
(index):94 MouseEvent {isTrusted: true, screenX: 884, screenY: 448, clientX: 884, clientY: 346, …}
(index):96 [addListener ] node = 
(index):97 X.Block {_id: 8, _displayName: "块", _tag: "dialog", _position: {…}, _anchor: {…}, …}
(index):100 [addListener ] history = 
(index):101 X.Block {_id: 25, _tag: "history", _position: {…}, _anchor: {…}, _width: 299.86572, …}
(index):102 [addListener ] dialog = 
(index):103 X.Block {_id: 8, _displayName: "块", _tag: "dialog", _position: {…}, _anchor: {…}, …}
(index):105 node.getHost()  = 
(index):106 null
(index):93 [addListener ]  mousemove  e = 
(index):94 MouseEvent {isTrusted: true, screenX: 862, screenY: 470, clientX: 862, clientY: 368, …}
(index):96 [addListener ] node = 
(index):97 undefined
(index):100 [addListener ] history = 
(index):101 X.Block {_id: 25, _tag: "history", _position: {…}, _anchor: {…}, _width: 299.86572, …}
(index):102 [addListener ] dialog = 
(index):103 X.Block {_id: 8, _displayName: "块", _tag: "dialog", _position: {…}, _anchor: {…}, …}
(index):93 [addListener ]  mousemove  e = 
(index):94 MouseEvent {isTrusted: true, screenX: 828, screenY: 500, clientX: 828, clientY: 398, …}
(index):96 [addListener ] node = 
(index):97 undefined
(index):100 [addListener ] history = 
(index):101 X.Block {_id: 25, _tag: "history", _position: {…}, _anchor: {…}, _width: 299.86572, …}
(index):102 [addListener ] dialog = 
(index):103 X.Block {_id: 8, _displayName: "块", _tag: "dialog", _position: {…}, _anchor: {…}, …}
(index):93 [addListener ]  mousemove  e = 
(index):94 MouseEvent {isTrusted: true, screenX: 796, screenY: 530, clientX: 796, clientY: 428, …}
(index):96 [addListener ] node = 
(index):97 undefined
(index):100 [addListener ] history = 
(index):101 X.Block {_id: 25, _tag: "history", _position: {…}, _anchor: {…}, _width: 299.86572, …}
(index):102 [addListener ] dialog = 
(index):103 X.Block {_id: 8, _displayName: "块", _tag: "dialog", _position: {…}, _anchor: {…}, …}
(index):93 [addListener ]  mousemove  e = 
(index):94 MouseEvent {isTrusted: true, screenX: 763, screenY: 564, clientX: 763, clientY: 462, …}
(index):96 [addListener ] node = 
(index):97 undefined
(index):100 [addListener ] history = 
(index):101 X.Block {_id: 25, _tag: "history", _position: {…}, _anchor: {…}, _width: 299.86572, …}
(index):102 [addListener ] dialog = 
(index):103 X.Block {_id: 8, _displayName: "块", _tag: "dialog", _position: {…}, _anchor: {…}, …}
(index):93 [addListener ]  mousemove  e = 
(index):94 MouseEvent {isTrusted: true, screenX: 749, screenY: 579, clientX: 749, clientY: 477, …}
(index):96 [addListener ] node = 
(index):97 undefined
(index):100 [addListener ] history = 
(index):101 X.Block {_id: 25, _tag: "history", _position: {…}, _anchor: {…}, _width: 299.86572, …}
(index):102 [addListener ] dialog = 
(index):103 X.Block {_id: 8, _displayName: "块", _tag: "dialog", _position: {…}, _anchor: {…}, …}
(index):117 [g2d.mi ] enter g2d.mi ...
(index):140 [g2d.mi ] exit g2d.mi ...
(index):93 [addListener ]  mousemove  e = 
(index):94 MouseEvent {isTrusted: true, screenX: 775, screenY: 593, clientX: 775, clientY: 491, …}
(index):96 [addListener ] node = 
(index):97 undefined
(index):100 [addListener ] history = 
(index):101 X.Block {_id: 25, _tag: "history", _position: {…}, _anchor: {…}, _width: 299.86572, …}
(index):102 [addListener ] dialog = 
(index):103 X.Block {_id: 8, _displayName: "块", _tag: "dialog", _position: {…}, _anchor: {…}, …}
(index):93 [addListener ]  mousemove  e = 
(index):94 MouseEvent {isTrusted: true, screenX: 797, screenY: 515, clientX: 797, clientY: 413, …}
(index):96 [addListener ] node = 
(index):97 undefined
(index):100 [addListener ] history = 
(index):101 X.Block {_id: 25, _tag: "history", _position: {…}, _anchor: {…}, _width: 299.86572, …}
(index):102 [addListener ] dialog = 
(index):103 X.Block {_id: 8, _displayName: "块", _tag: "dialog", _position: {…}, _anchor: {…}, …}
(index):93 [addListener ]  mousemove  e = 
(index):94 MouseEvent {isTrusted: true, screenX: 805, screenY: 457, clientX: 805, clientY: 355, …}
(index):96 [addListener ] node = 
(index):97 undefined
(index):100 [addListener ] history = 
(index):101 X.Block {_id: 25, _tag: "history", _position: {…}, _anchor: {…}, _width: 299.86572, …}
(index):102 [addListener ] dialog = 
(index):103 X.Block {_id: 8, _displayName: "块", _tag: "dialog", _position: {…}, _anchor: {…}, …}
(index):93 [addListener ]  mousemove  e = 
(index):94 MouseEvent {isTrusted: true, screenX: 807, screenY: 423, clientX: 807, clientY: 321, …}
(index):96 [addListener ] node = 
(index):97 undefined
(index):100 [addListener ] history = 
(index):101 X.Block {_id: 25, _tag: "history", _position: {…}, _anchor: {…}, _width: 299.86572, …}
(index):102 [addListener ] dialog = 
(index):103 X.Block {_id: 8, _displayName: "块", _tag: "dialog", _position: {…}, _anchor: {…}, …}
(index):93 [addListener ]  mousemove  e = 
(index):94 MouseEvent {isTrusted: true, screenX: 807, screenY: 400, clientX: 807, clientY: 298, …}
(index):96 [addListener ] node = 
(index):97 undefined
(index):100 [addListener ] history = 
(index):101 X.Block {_id: 25, _tag: "history", _position: {…}, _anchor: {…}, _width: 299.86572, …}
(index):102 [addListener ] dialog = 
(index):103 X.Block {_id: 8, _displayName: "块", _tag: "dialog", _position: {…}, _anchor: {…}, …}
(index):93 [addListener ]  mousemove  e = 
(index):94 MouseEvent {isTrusted: true, screenX: 810, screenY: 378, clientX: 810, clientY: 276, …}
(index):96 [addListener ] node = 
(index):97 undefined
(index):100 [addListener ] history = 
(index):101 X.Block {_id: 25, _tag: "history", _position: {…}, _anchor: {…}, _width: 299.86572, …}
(index):102 [addListener ] dialog = 
(index):103 X.Block {_id: 8, _displayName: "块", _tag: "dialog", _position: {…}, _anchor: {…}, …}
(index):93 [addListener ]  mousemove  e = 
(index):94 MouseEvent {isTrusted: true, screenX: 811, screenY: 364, clientX: 811, clientY: 262, …}
(index):96 [addListener ] node = 
(index):97 undefined
(index):100 [addListener ] history = 
(index):101 X.Block {_id: 25, _tag: "history", _position: {…}, _anchor: {…}, _width: 299.86572, …}
(index):102 [addListener ] dialog = 
(index):103 X.Block {_id: 8, _displayName: "块", _tag: "dialog", _position: {…}, _anchor: {…}, …}
(index):93 [addListener ]  mousemove  e = 
(index):94 MouseEvent {isTrusted: true, screenX: 814, screenY: 359, clientX: 814, clientY: 257, …}
(index):96 [addListener ] node = 
(index):97 undefined
(index):100 [addListener ] history = 
(index):101 X.Block {_id: 25, _tag: "history", _position: {…}, _anchor: {…}, _width: 299.86572, …}
(index):102 [addListener ] dialog = 
(index):103 X.Block {_id: 8, _displayName: "块", _tag: "dialog", _position: {…}, _anchor: {…}, …}
(index):93 [addListener ]  mousemove  e = 
(index):94 MouseEvent {isTrusted: true, screenX: 814, screenY: 356, clientX: 814, clientY: 254, …}
(index):96 [addListener ] node = 
(index):97 undefined
(index):100 [addListener ] history = 
(index):101 X.Block {_id: 25, _tag: "history", _position: {…}, _anchor: {…}, _width: 299.86572, …}
(index):102 [addListener ] dialog = 
(index):103 X.Block {_id: 8, _displayName: "块", _tag: "dialog", _position: {…}, _anchor: {…}, …}
(index):93 [addListener ]  mousemove  e = 
(index):94 MouseEvent {isTrusted: true, screenX: 814, screenY: 351, clientX: 814, clientY: 249, …}
(index):96 [addListener ] node = 
(index):97 undefined
(index):100 [addListener ] history = 
(index):101 X.Block {_id: 25, _tag: "history", _position: {…}, _anchor: {…}, _width: 299.86572, …}
(index):102 [addListener ] dialog = 
(index):103 X.Block {_id: 8, _displayName: "块", _tag: "dialog", _position: {…}, _anchor: {…}, …}
(index):93 [addListener ]  mousemove  e = 
(index):94 MouseEvent {isTrusted: true, screenX: 814, screenY: 346, clientX: 814, clientY: 244, …}
(index):96 [addListener ] node = 
(index):97 undefined
(index):100 [addListener ] history = 
(index):101 X.Block {_id: 25, _tag: "history", _position: {…}, _anchor: {…}, _width: 299.86572, …}
(index):102 [addListener ] dialog = 
(index):103 X.Block {_id: 8, _displayName: "块", _tag: "dialog", _position: {…}, _anchor: {…}, …}
(index):93 [addListener ]  mousemove  e = 
(index):94 MouseEvent {isTrusted: true, screenX: 814, screenY: 343, clientX: 814, clientY: 241, …}
(index):96 [addListener ] node = 
(index):97 undefined
(index):100 [addListener ] history = 
(index):101 X.Block {_id: 25, _tag: "history", _position: {…}, _anchor: {…}, _width: 299.86572, …}
(index):102 [addListener ] dialog = 
(index):103 X.Block {_id: 8, _displayName: "块", _tag: "dialog", _position: {…}, _anchor: {…}, …}
(index):93 [addListener ]  mousemove  e = 
(index):94 MouseEvent {isTrusted: true, screenX: 815, screenY: 339, clientX: 815, clientY: 237, …}
(index):96 [addListener ] node = 
(index):97 undefined
(index):100 [addListener ] history = 
(index):101 X.Block {_id: 25, _tag: "history", _position: {…}, _anchor: {…}, _width: 299.86572, …}
(index):102 [addListener ] dialog = 
(index):103 X.Block {_id: 8, _displayName: "块", _tag: "dialog", _position: {…}, _anchor: {…}, …}
(index):93 [addListener ]  mousemove  e = 
(index):94 MouseEvent {isTrusted: true, screenX: 816, screenY: 337, clientX: 816, clientY: 235, …}
(index):96 [addListener ] node = 
(index):97 undefined
(index):100 [addListener ] history = 
(index):101 X.Block {_id: 25, _tag: "history", _position: {…}, _anchor: {…}, _width: 299.86572, …}
(index):102 [addListener ] dialog = 
(index):103 X.Block {_id: 8, _displayName: "块", _tag: "dialog", _position: {…}, _anchor: {…}, …}
(index):93 [addListener ]  mousemove  e = 
(index):94 MouseEvent {isTrusted: true, screenX: 818, screenY: 337, clientX: 818, clientY: 235, …}
(index):96 [addListener ] node = 
(index):97 undefined
(index):100 [addListener ] history = 
(index):101 X.Block {_id: 25, _tag: "history", _position: {…}, _anchor: {…}, _width: 299.86572, …}
(index):102 [addListener ] dialog = 
(index):103 X.Block {_id: 8, _displayName: "块", _tag: "dialog", _position: {…}, _anchor: {…}, …}
(index):93 [addListener ]  mousemove  e = 
(index):94 MouseEvent {isTrusted: true, screenX: 820, screenY: 337, clientX: 820, clientY: 235, …}
(index):96 [addListener ] node = 
(index):97 undefined
(index):100 [addListener ] history = 
(index):101 X.Block {_id: 25, _tag: "history", _position: {…}, _anchor: {…}, _width: 299.86572, …}
(index):102 [addListener ] dialog = 
(index):103 X.Block {_id: 8, _displayName: "块", _tag: "dialog", _position: {…}, _anchor: {…}, …}
(index):93 [addListener ]  mousemove  e = 
(index):94 MouseEvent {isTrusted: true, screenX: 824, screenY: 334, clientX: 824, clientY: 232, …}
(index):96 [addListener ] node = 
(index):97 undefined
(index):100 [addListener ] history = 
(index):101 X.Block {_id: 25, _tag: "history", _position: {…}, _anchor: {…}, _width: 299.86572, …}
(index):102 [addListener ] dialog = 
(index):103 X.Block {_id: 8, _displayName: "块", _tag: "dialog", _position: {…}, _anchor: {…}, …}
(index):93 [addListener ]  mousemove  e = 
(index):94 MouseEvent {isTrusted: true, screenX: 825, screenY: 333, clientX: 825, clientY: 231, …}
(index):96 [addListener ] node = 
(index):97 undefined
(index):100 [addListener ] history = 
(index):101 X.Block {_id: 25, _tag: "history", _position: {…}, _anchor: {…}, _width: 299.86572, …}
(index):102 [addListener ] dialog = 
(index):103 X.Block {_id: 8, _displayName: "块", _tag: "dialog", _position: {…}, _anchor: {…}, …}
(index):93 [addListener ]  mousemove  e = 
(index):94 MouseEvent {isTrusted: true, screenX: 827, screenY: 332, clientX: 827, clientY: 230, …}
(index):96 [addListener ] node = 
(index):97 undefined
(index):100 [addListener ] history = 
(index):101 X.Block {_id: 25, _tag: "history", _position: {…}, _anchor: {…}, _width: 299.86572, …}
(index):102 [addListener ] dialog = 
(index):103 X.Block {_id: 8, _displayName: "块", _tag: "dialog", _position: {…}, _anchor: {…}, …}
(index):93 [addListener ]  mousemove  e = 
(index):94 MouseEvent {isTrusted: true, screenX: 828, screenY: 331, clientX: 828, clientY: 229, …}
(index):96 [addListener ] node = 
(index):97 undefined
(index):100 [addListener ] history = 
(index):101 X.Block {_id: 25, _tag: "history", _position: {…}, _anchor: {…}, _width: 299.86572, …}
(index):102 [addListener ] dialog = 
(index):103 X.Block {_id: 8, _displayName: "块", _tag: "dialog", _position: {…}, _anchor: {…}, …}
(index):93 [addListener ]  mousemove  e = 
(index):94 MouseEvent {isTrusted: true, screenX: 832, screenY: 328, clientX: 832, clientY: 226, …}
(index):96 [addListener ] node = 
(index):97 X.Node {_id: 4, _displayName: "标注", _image: "标注.json", _pendingCheckImageJSON: false, _host: X.Node, …}
(index):100 [addListener ] history = 
(index):101 X.Block {_id: 25, _tag: "history", _position: {…}, _anchor: {…}, _width: 299.86572, …}
(index):102 [addListener ] dialog = 
(index):103 X.Block {_id: 8, _displayName: "块", _tag: "dialog", _position: {…}, _anchor: {…}, …}
(index):105 node.getHost()  = 
(index):106 X.Node {_id: 24, _69O: X.List, _tag: "sensorHost", _position: {…}, _width: 1, …}
(index):93 [addListener ]  mousemove  e = 
(index):94 MouseEvent {isTrusted: true, screenX: 833, screenY: 327, clientX: 833, clientY: 225, …}
(index):96 [addListener ] node = 
(index):97 X.Block {_id: 8, _displayName: "块", _tag: "dialog", _position: {…}, _anchor: {…}, …}
(index):100 [addListener ] history = 
(index):101 X.Block {_id: 25, _tag: "history", _position: {…}, _anchor: {…}, _width: 299.86572, …}
(index):102 [addListener ] dialog = 
(index):103 X.Block {_id: 8, _displayName: "块", _tag: "dialog", _position: {…}, _anchor: {…}, …}
(index):105 node.getHost()  = 
(index):106 null
(index):93 [addListener ]  mousemove  e = 
(index):94 MouseEvent {isTrusted: true, screenX: 835, screenY: 326, clientX: 835, clientY: 224, …}
(index):96 [addListener ] node = 
(index):97 X.Block {_id: 8, _displayName: "块", _tag: "dialog", _position: {…}, _anchor: {…}, …}
(index):100 [addListener ] history = 
(index):101 X.Block {_id: 25, _tag: "history", _position: {…}, _anchor: {…}, _width: 299.86572, …}
(index):102 [addListener ] dialog = 
(index):103 X.Block {_id: 8, _displayName: "块", _tag: "dialog", _position: {…}, _anchor: {…}, …}
(index):105 node.getHost()  = 
(index):106 null
(index):93 [addListener ]  mousemove  e = 
(index):94 MouseEvent {isTrusted: true, screenX: 835, screenY: 325, clientX: 835, clientY: 223, …}
(index):96 [addListener ] node = 
(index):97 X.Block {_id: 8, _displayName: "块", _tag: "dialog", _position: {…}, _anchor: {…}, …}
(index):100 [addListener ] history = 
(index):101 X.Block {_id: 25, _tag: "history", _position: {…}, _anchor: {…}, _width: 299.86572, …}
(index):102 [addListener ] dialog = 
(index):103 X.Block {_id: 8, _displayName: "块", _tag: "dialog", _position: {…}, _anchor: {…}, …}
(index):105 node.getHost()  = 
(index):106 null
(index):93 [addListener ]  mousemove  e = 
(index):94 MouseEvent {isTrusted: true, screenX: 841, screenY: 326, clientX: 841, clientY: 224, …}
(index):96 [addListener ] node = 
(index):97 X.Block {_id: 8, _displayName: "块", _tag: "dialog", _position: {…}, _anchor: {…}, …}
(index):100 [addListener ] history = 
(index):101 X.Block {_id: 25, _tag: "history", _position: {…}, _anchor: {…}, _width: 299.86572, …}
(index):102 [addListener ] dialog = 
(index):103 X.Block {_id: 8, _displayName: "块", _tag: "dialog", _position: {…}, _anchor: {…}, …}
(index):105 node.getHost()  = 
(index):106 null
(index):93 [addListener ]  mousemove  e = 
(index):94 MouseEvent {isTrusted: true, screenX: 853, screenY: 331, clientX: 853, clientY: 229, …}
(index):96 [addListener ] node = 
(index):97 X.Block {_id: 8, _displayName: "块", _tag: "dialog", _position: {…}, _anchor: {…}, …}
(index):100 [addListener ] history = 
(index):101 X.Block {_id: 25, _tag: "history", _position: {…}, _anchor: {…}, _width: 299.86572, …}
(index):102 [addListener ] dialog = 
(index):103 X.Block {_id: 8, _displayName: "块", _tag: "dialog", _position: {…}, _anchor: {…}, …}
(index):105 node.getHost()  = 
(index):106 null
(index):93 [addListener ]  mousemove  e = 
(index):94 MouseEvent {isTrusted: true, screenX: 869, screenY: 336, clientX: 869, clientY: 234, …}
(index):96 [addListener ] node = 
(index):97 X.Block {_id: 8, _displayName: "块", _tag: "dialog", _position: {…}, _anchor: {…}, …}
(index):100 [addListener ] history = 
(index):101 X.Block {_id: 25, _tag: "history", _position: {…}, _anchor: {…}, _width: 299.86572, …}
(index):102 [addListener ] dialog = 
(index):103 X.Block {_id: 8, _displayName: "块", _tag: "dialog", _position: {…}, _anchor: {…}, …}
(index):105 node.getHost()  = 
(index):106 null
(index):93 [addListener ]  mousemove  e = 
(index):94 MouseEvent {isTrusted: true, screenX: 889, screenY: 341, clientX: 889, clientY: 239, …}
(index):96 [addListener ] node = 
(index):97 X.Block {_id: 8, _displayName: "块", _tag: "dialog", _position: {…}, _anchor: {…}, …}
(index):100 [addListener ] history = 
(index):101 X.Block {_id: 25, _tag: "history", _position: {…}, _anchor: {…}, _width: 299.86572, …}
(index):102 [addListener ] dialog = 
(index):103 X.Block {_id: 8, _displayName: "块", _tag: "dialog", _position: {…}, _anchor: {…}, …}
(index):105 node.getHost()  = 
(index):106 null
(index):93 [addListener ]  mousemove  e = 
(index):94 MouseEvent {isTrusted: true, screenX: 897, screenY: 344, clientX: 897, clientY: 242, …}
(index):96 [addListener ] node = 
(index):97 X.Block {_id: 8, _displayName: "块", _tag: "dialog", _position: {…}, _anchor: {…}, …}
(index):100 [addListener ] history = 
(index):101 X.Block {_id: 25, _tag: "history", _position: {…}, _anchor: {…}, _width: 299.86572, …}
(index):102 [addListener ] dialog = 
(index):103 X.Block {_id: 8, _displayName: "块", _tag: "dialog", _position: {…}, _anchor: {…}, …}
(index):105 node.getHost()  = 
(index):106 null
(index):93 [addListener ]  mousemove  e = 
(index):94 MouseEvent {isTrusted: true, screenX: 901, screenY: 345, clientX: 901, clientY: 243, …}
(index):96 [addListener ] node = 
(index):97 X.Block {_id: 8, _displayName: "块", _tag: "dialog", _position: {…}, _anchor: {…}, …}
(index):100 [addListener ] history = 
(index):101 X.Block {_id: 25, _tag: "history", _position: {…}, _anchor: {…}, _width: 299.86572, …}
(index):102 [addListener ] dialog = 
(index):103 X.Block {_id: 8, _displayName: "块", _tag: "dialog", _position: {…}, _anchor: {…}, …}
(index):105 node.getHost()  = 
(index):106 null
(index):93 [addListener ]  mousemove  e = 
(index):94 MouseEvent {isTrusted: true, screenX: 904, screenY: 345, clientX: 904, clientY: 243, …}
(index):96 [addListener ] node = 
(index):97 X.Block {_id: 8, _displayName: "块", _tag: "dialog", _position: {…}, _anchor: {…}, …}
(index):100 [addListener ] history = 
(index):101 X.Block {_id: 25, _tag: "history", _position: {…}, _anchor: {…}, _width: 299.86572, …}
(index):102 [addListener ] dialog = 
(index):103 X.Block {_id: 8, _displayName: "块", _tag: "dialog", _position: {…}, _anchor: {…}, …}
(index):105 node.getHost()  = 
(index):106 null
(index):93 [addListener ]  mousemove  e = 
(index):94 MouseEvent {isTrusted: true, screenX: 905, screenY: 345, clientX: 905, clientY: 243, …}
(index):96 [addListener ] node = 
(index):97 X.Block {_id: 8, _displayName: "块", _tag: "dialog", _position: {…}, _anchor: {…}, …}
(index):100 [addListener ] history = 
(index):101 X.Block {_id: 25, _tag: "history", _position: {…}, _anchor: {…}, _width: 299.86572, …}
(index):102 [addListener ] dialog = 
(index):103 X.Block {_id: 8, _displayName: "块", _tag: "dialog", _position: {…}, _anchor: {…}, …}
(index):105 node.getHost()  = 
(index):106 null
(index):93 [addListener ]  mousemove  e = 
(index):94 MouseEvent {isTrusted: true, screenX: 907, screenY: 345, clientX: 907, clientY: 243, …}
(index):96 [addListener ] node = 
(index):97 X.Block {_id: 8, _displayName: "块", _tag: "dialog", _position: {…}, _anchor: {…}, …}
(index):100 [addListener ] history = 
(index):101 X.Block {_id: 25, _tag: "history", _position: {…}, _anchor: {…}, _width: 299.86572, …}
(index):102 [addListener ] dialog = 
(index):103 X.Block {_id: 8, _displayName: "块", _tag: "dialog", _position: {…}, _anchor: {…}, …}
(index):105 node.getHost()  = 
(index):106 null
(index):93 [addListener ]  mousemove  e = 
(index):94 MouseEvent {isTrusted: true, screenX: 910, screenY: 345, clientX: 910, clientY: 243, …}
(index):96 [addListener ] node = 
(index):97 X.Block {_id: 8, _displayName: "块", _tag: "dialog", _position: {…}, _anchor: {…}, …}
(index):100 [addListener ] history = 
(index):101 X.Block {_id: 25, _tag: "history", _position: {…}, _anchor: {…}, _width: 299.86572, …}
(index):102 [addListener ] dialog = 
(index):103 X.Block {_id: 8, _displayName: "块", _tag: "dialog", _position: {…}, _anchor: {…}, …}
(index):105 node.getHost()  = 
(index):106 null
(index):93 [addListener ]  mousemove  e = 
(index):94 MouseEvent {isTrusted: true, screenX: 911, screenY: 345, clientX: 911, clientY: 243, …}
(index):96 [addListener ] node = 
(index):97 X.Block {_id: 8, _displayName: "块", _tag: "dialog", _position: {…}, _anchor: {…}, …}
(index):100 [addListener ] history = 
(index):101 X.Block {_id: 25, _tag: "history", _position: {…}, _anchor: {…}, _width: 299.86572, …}
(index):102 [addListener ] dialog = 
(index):103 X.Block {_id: 8, _displayName: "块", _tag: "dialog", _position: {…}, _anchor: {…}, …}
(index):105 node.getHost()  = 
(index):106 null
(index):93 [addListener ]  mousemove  e = 
(index):94 MouseEvent {isTrusted: true, screenX: 912, screenY: 345, clientX: 912, clientY: 243, …}
(index):96 [addListener ] node = 
(index):97 X.Block {_id: 8, _displayName: "块", _tag: "dialog", _position: {…}, _anchor: {…}, …}
(index):100 [addListener ] history = 
(index):101 X.Block {_id: 25, _tag: "history", _position: {…}, _anchor: {…}, _width: 299.86572, …}
(index):102 [addListener ] dialog = 
(index):103 X.Block {_id: 8, _displayName: "块", _tag: "dialog", _position: {…}, _anchor: {…}, …}
(index):105 node.getHost()  = 
(index):106 null
(index):93 [addListener ]  mousemove  e = 
(index):94 MouseEvent {isTrusted: true, screenX: 913, screenY: 345, clientX: 913, clientY: 243, …}
(index):96 [addListener ] node = 
(index):97 X.Block {_id: 8, _displayName: "块", _tag: "dialog", _position: {…}, _anchor: {…}, …}
(index):100 [addListener ] history = 
(index):101 X.Block {_id: 25, _tag: "history", _position: {…}, _anchor: {…}, _width: 299.86572, …}
(index):102 [addListener ] dialog = 
(index):103 X.Block {_id: 8, _displayName: "块", _tag: "dialog", _position: {…}, _anchor: {…}, …}
(index):105 node.getHost()  = 
(index):106 null
(index):93 [addListener ]  mousemove  e = 
(index):94 MouseEvent {isTrusted: true, screenX: 914, screenY: 345, clientX: 914, clientY: 243, …}
(index):96 [addListener ] node = 
(index):97 X.Block {_id: 8, _displayName: "块", _tag: "dialog", _position: {…}, _anchor: {…}, …}
(index):100 [addListener ] history = 
(index):101 X.Block {_id: 25, _tag: "history", _position: {…}, _anchor: {…}, _width: 299.86572, …}
(index):102 [addListener ] dialog = 
(index):103 X.Block {_id: 8, _displayName: "块", _tag: "dialog", _position: {…}, _anchor: {…}, …}
(index):105 node.getHost()  = 
(index):106 null
(index):93 [addListener ]  mousemove  e = 
(index):94 MouseEvent {isTrusted: true, screenX: 917, screenY: 345, clientX: 917, clientY: 243, …}
(index):96 [addListener ] node = 
(index):97 X.Block {_id: 8, _displayName: "块", _tag: "dialog", _position: {…}, _anchor: {…}, …}
(index):100 [addListener ] history = 
(index):101 X.Block {_id: 25, _tag: "history", _position: {…}, _anchor: {…}, _width: 299.86572, …}
(index):102 [addListener ] dialog = 
(index):103 X.Block {_id: 8, _displayName: "块", _tag: "dialog", _position: {…}, _anchor: {…}, …}
(index):105 node.getHost()  = 
(index):106 null
(index):93 [addListener ]  mousemove  e = 
(index):94 MouseEvent {isTrusted: true, screenX: 922, screenY: 345, clientX: 922, clientY: 243, …}
(index):96 [addListener ] node = 
(index):97 X.Block {_id: 8, _displayName: "块", _tag: "dialog", _position: {…}, _anchor: {…}, …}
(index):100 [addListener ] history = 
(index):101 X.Block {_id: 25, _tag: "history", _position: {…}, _anchor: {…}, _width: 299.86572, …}
(index):102 [addListener ] dialog = 
(index):103 X.Block {_id: 8, _displayName: "块", _tag: "dialog", _position: {…}, _anchor: {…}, …}
(index):105 node.getHost()  = 
(index):106 null
(index):93 [addListener ]  mousemove  e = 
(index):94 MouseEvent {isTrusted: true, screenX: 923, screenY: 345, clientX: 923, clientY: 243, …}
(index):96 [addListener ] node = 
(index):97 X.Block {_id: 8, _displayName: "块", _tag: "dialog", _position: {…}, _anchor: {…}, …}
(index):100 [addListener ] history = 
(index):101 X.Block {_id: 25, _tag: "history", _position: {…}, _anchor: {…}, _width: 299.86572, …}
(index):102 [addListener ] dialog = 
(index):103 X.Block {_id: 8, _displayName: "块", _tag: "dialog", _position: {…}, _anchor: {…}, …}
(index):105 node.getHost()  = 
(index):106 null
(index):93 [addListener ]  mousemove  e = 
(index):94 MouseEvent {isTrusted: true, screenX: 926, screenY: 345, clientX: 926, clientY: 243, …}
(index):96 [addListener ] node = 
(index):97 X.Block {_id: 8, _displayName: "块", _tag: "dialog", _position: {…}, _anchor: {…}, …}
(index):100 [addListener ] history = 
(index):101 X.Block {_id: 25, _tag: "history", _position: {…}, _anchor: {…}, _width: 299.86572, …}
(index):102 [addListener ] dialog = 
(index):103 X.Block {_id: 8, _displayName: "块", _tag: "dialog", _position: {…}, _anchor: {…}, …}
(index):105 node.getHost()  = 
(index):106 null
(index):93 [addListener ]  mousemove  e = 
(index):94 MouseEvent {isTrusted: true, screenX: 928, screenY: 345, clientX: 928, clientY: 243, …}
(index):96 [addListener ] node = 
(index):97 X.Block {_id: 8, _displayName: "块", _tag: "dialog", _position: {…}, _anchor: {…}, …}
(index):100 [addListener ] history = 
(index):101 X.Block {_id: 25, _tag: "history", _position: {…}, _anchor: {…}, _width: 299.86572, …}
(index):102 [addListener ] dialog = 
(index):103 X.Block {_id: 8, _displayName: "块", _tag: "dialog", _position: {…}, _anchor: {…}, …}
(index):105 node.getHost()  = 
(index):106 null
(index):93 [addListener ]  mousemove  e = 
(index):94 MouseEvent {isTrusted: true, screenX: 933, screenY: 344, clientX: 933, clientY: 242, …}
(index):96 [addListener ] node = 
(index):97 X.Block {_id: 8, _displayName: "块", _tag: "dialog", _position: {…}, _anchor: {…}, …}
(index):100 [addListener ] history = 
(index):101 X.Block {_id: 25, _tag: "history", _position: {…}, _anchor: {…}, _width: 299.86572, …}
(index):102 [addListener ] dialog = 
(index):103 X.Block {_id: 8, _displayName: "块", _tag: "dialog", _position: {…}, _anchor: {…}, …}
(index):105 node.getHost()  = 
(index):106 null
(index):93 [addListener ]  mousemove  e = 
(index):94 MouseEvent {isTrusted: true, screenX: 935, screenY: 344, clientX: 935, clientY: 242, …}
(index):96 [addListener ] node = 
(index):97 X.Block {_id: 8, _displayName: "块", _tag: "dialog", _position: {…}, _anchor: {…}, …}
(index):100 [addListener ] history = 
(index):101 X.Block {_id: 25, _tag: "history", _position: {…}, _anchor: {…}, _width: 299.86572, …}
(index):102 [addListener ] dialog = 
(index):103 X.Block {_id: 8, _displayName: "块", _tag: "dialog", _position: {…}, _anchor: {…}, …}
(index):105 node.getHost()  = 
(index):106 null
(index):93 [addListener ]  mousemove  e = 
(index):94 MouseEvent {isTrusted: true, screenX: 937, screenY: 344, clientX: 937, clientY: 242, …}
(index):96 [addListener ] node = 
(index):97 X.Block {_id: 8, _displayName: "块", _tag: "dialog", _position: {…}, _anchor: {…}, …}
(index):100 [addListener ] history = 
(index):101 X.Block {_id: 25, _tag: "history", _position: {…}, _anchor: {…}, _width: 299.86572, …}
(index):102 [addListener ] dialog = 
(index):103 X.Block {_id: 8, _displayName: "块", _tag: "dialog", _position: {…}, _anchor: {…}, …}
(index):105 node.getHost()  = 
(index):106 null
(index):93 [addListener ]  mousemove  e = 
(index):94 MouseEvent {isTrusted: true, screenX: 939, screenY: 344, clientX: 939, clientY: 242, …}
(index):96 [addListener ] node = 
(index):97 X.Block {_id: 8, _displayName: "块", _tag: "dialog", _position: {…}, _anchor: {…}, …}
(index):100 [addListener ] history = 
(index):101 X.Block {_id: 25, _tag: "history", _position: {…}, _anchor: {…}, _width: 299.86572, …}
(index):102 [addListener ] dialog = 
(index):103 X.Block {_id: 8, _displayName: "块", _tag: "dialog", _position: {…}, _anchor: {…}, …}
(index):105 node.getHost()  = 
(index):106 null
(index):93 [addListener ]  mousemove  e = 
(index):94 MouseEvent {isTrusted: true, screenX: 940, screenY: 344, clientX: 940, clientY: 242, …}
(index):96 [addListener ] node = 
(index):97 X.Block {_id: 8, _displayName: "块", _tag: "dialog", _position: {…}, _anchor: {…}, …}
(index):100 [addListener ] history = 
(index):101 X.Block {_id: 25, _tag: "history", _position: {…}, _anchor: {…}, _width: 299.86572, …}
(index):102 [addListener ] dialog = 
(index):103 X.Block {_id: 8, _displayName: "块", _tag: "dialog", _position: {…}, _anchor: {…}, …}
(index):105 node.getHost()  = 
(index):106 null
(index):93 [addListener ]  mousemove  e = 
(index):94 MouseEvent {isTrusted: true, screenX: 943, screenY: 344, clientX: 943, clientY: 242, …}
(index):96 [addListener ] node = 
(index):97 X.Block {_id: 8, _displayName: "块", _tag: "dialog", _position: {…}, _anchor: {…}, …}
(index):100 [addListener ] history = 
(index):101 X.Block {_id: 25, _tag: "history", _position: {…}, _anchor: {…}, _width: 299.86572, …}
(index):102 [addListener ] dialog = 
(index):103 X.Block {_id: 8, _displayName: "块", _tag: "dialog", _position: {…}, _anchor: {…}, …}
(index):105 node.getHost()  = 
(index):106 null
(index):93 [addListener ]  mousemove  e = 
(index):94 MouseEvent {isTrusted: true, screenX: 945, screenY: 344, clientX: 945, clientY: 242, …}
(index):96 [addListener ] node = 
(index):97 X.Block {_id: 8, _displayName: "块", _tag: "dialog", _position: {…}, _anchor: {…}, …}
(index):100 [addListener ] history = 
(index):101 X.Block {_id: 25, _tag: "history", _position: {…}, _anchor: {…}, _width: 299.86572, …}
(index):102 [addListener ] dialog = 
(index):103 X.Block {_id: 8, _displayName: "块", _tag: "dialog", _position: {…}, _anchor: {…}, …}
(index):105 node.getHost()  = 
(index):106 null
(index):93 [addListener ]  mousemove  e = 
(index):94 MouseEvent {isTrusted: true, screenX: 947, screenY: 344, clientX: 947, clientY: 242, …}
(index):96 [addListener ] node = 
(index):97 X.Block {_id: 8, _displayName: "块", _tag: "dialog", _position: {…}, _anchor: {…}, …}
(index):100 [addListener ] history = 
(index):101 X.Block {_id: 25, _tag: "history", _position: {…}, _anchor: {…}, _width: 299.86572, …}
(index):102 [addListener ] dialog = 
(index):103 X.Block {_id: 8, _displayName: "块", _tag: "dialog", _position: {…}, _anchor: {…}, …}
(index):105 node.getHost()  = 
(index):106 null
(index):93 [addListener ]  mousemove  e = 
(index):94 MouseEvent {isTrusted: true, screenX: 947, screenY: 345, clientX: 947, clientY: 243, …}
(index):96 [addListener ] node = 
(index):97 X.Block {_id: 8, _displayName: "块", _tag: "dialog", _position: {…}, _anchor: {…}, …}
(index):100 [addListener ] history = 
(index):101 X.Block {_id: 25, _tag: "history", _position: {…}, _anchor: {…}, _width: 299.86572, …}
(index):102 [addListener ] dialog = 
(index):103 X.Block {_id: 8, _displayName: "块", _tag: "dialog", _position: {…}, _anchor: {…}, …}
(index):105 node.getHost()  = 
(index):106 null
(index):93 [addListener ]  mousemove  e = 
(index):94 MouseEvent {isTrusted: true, screenX: 947, screenY: 347, clientX: 947, clientY: 245, …}
(index):96 [addListener ] node = 
(index):97 X.Block {_id: 8, _displayName: "块", _tag: "dialog", _position: {…}, _anchor: {…}, …}
(index):100 [addListener ] history = 
(index):101 X.Block {_id: 25, _tag: "history", _position: {…}, _anchor: {…}, _width: 299.86572, …}
(index):102 [addListener ] dialog = 
(index):103 X.Block {_id: 8, _displayName: "块", _tag: "dialog", _position: {…}, _anchor: {…}, …}
(index):105 node.getHost()  = 
(index):106 null
(index):93 [addListener ]  mousemove  e = 
(index):94 MouseEvent {isTrusted: true, screenX: 947, screenY: 351, clientX: 947, clientY: 249, …}
(index):96 [addListener ] node = 
(index):97 X.Block {_id: 8, _displayName: "块", _tag: "dialog", _position: {…}, _anchor: {…}, …}
(index):100 [addListener ] history = 
(index):101 X.Block {_id: 25, _tag: "history", _position: {…}, _anchor: {…}, _width: 299.86572, …}
(index):102 [addListener ] dialog = 
(index):103 X.Block {_id: 8, _displayName: "块", _tag: "dialog", _position: {…}, _anchor: {…}, …}
(index):105 node.getHost()  = 
(index):106 null
(index):93 [addListener ]  mousemove  e = 
(index):94 MouseEvent {isTrusted: true, screenX: 946, screenY: 353, clientX: 946, clientY: 251, …}
(index):96 [addListener ] node = 
(index):97 X.Block {_id: 8, _displayName: "块", _tag: "dialog", _position: {…}, _anchor: {…}, …}
(index):100 [addListener ] history = 
(index):101 X.Block {_id: 25, _tag: "history", _position: {…}, _anchor: {…}, _width: 299.86572, …}
(index):102 [addListener ] dialog = 
(index):103 X.Block {_id: 8, _displayName: "块", _tag: "dialog", _position: {…}, _anchor: {…}, …}
(index):105 node.getHost()  = 
(index):106 null
(index):93 [addListener ]  mousemove  e = 
(index):94 MouseEvent {isTrusted: true, screenX: 946, screenY: 354, clientX: 946, clientY: 252, …}
(index):96 [addListener ] node = 
(index):97 X.Block {_id: 8, _displayName: "块", _tag: "dialog", _position: {…}, _anchor: {…}, …}
(index):100 [addListener ] history = 
(index):101 X.Block {_id: 25, _tag: "history", _position: {…}, _anchor: {…}, _width: 299.86572, …}
(index):102 [addListener ] dialog = 
(index):103 X.Block {_id: 8, _displayName: "块", _tag: "dialog", _position: {…}, _anchor: {…}, …}
(index):105 node.getHost()  = 
(index):106 null
(index):93 [addListener ]  mousemove  e = 
(index):94 MouseEvent {isTrusted: true, screenX: 946, screenY: 356, clientX: 946, clientY: 254, …}
(index):96 [addListener ] node = 
(index):97 X.Block {_id: 8, _displayName: "块", _tag: "dialog", _position: {…}, _anchor: {…}, …}
(index):100 [addListener ] history = 
(index):101 X.Block {_id: 25, _tag: "history", _position: {…}, _anchor: {…}, _width: 299.86572, …}
(index):102 [addListener ] dialog = 
(index):103 X.Block {_id: 8, _displayName: "块", _tag: "dialog", _position: {…}, _anchor: {…}, …}
(index):105 node.getHost()  = 
(index):106 null
(index):93 [addListener ]  mousemove  e = 
(index):94 MouseEvent {isTrusted: true, screenX: 946, screenY: 357, clientX: 946, clientY: 255, …}
(index):96 [addListener ] node = 
(index):97 X.Block {_id: 8, _displayName: "块", _tag: "dialog", _position: {…}, _anchor: {…}, …}
(index):100 [addListener ] history = 
(index):101 X.Block {_id: 25, _tag: "history", _position: {…}, _anchor: {…}, _width: 299.86572, …}
(index):102 [addListener ] dialog = 
(index):103 X.Block {_id: 8, _displayName: "块", _tag: "dialog", _position: {…}, _anchor: {…}, …}
(index):105 node.getHost()  = 
(index):106 null
(index):93 [addListener ]  mousemove  e = 
(index):94 MouseEvent {isTrusted: true, screenX: 945, screenY: 357, clientX: 945, clientY: 255, …}
(index):96 [addListener ] node = 
(index):97 X.Block {_id: 8, _displayName: "块", _tag: "dialog", _position: {…}, _anchor: {…}, …}
(index):100 [addListener ] history = 
(index):101 X.Block {_id: 25, _tag: "history", _position: {…}, _anchor: {…}, _width: 299.86572, …}
(index):102 [addListener ] dialog = 
(index):103 X.Block {_id: 8, _displayName: "块", _tag: "dialog", _position: {…}, _anchor: {…}, …}
(index):105 node.getHost()  = 
(index):106 null
(index):93 [addListener ]  mousemove  e = 
(index):94 MouseEvent {isTrusted: true, screenX: 945, screenY: 356, clientX: 945, clientY: 254, …}
(index):96 [addListener ] node = 
(index):97 X.Block {_id: 8, _displayName: "块", _tag: "dialog", _position: {…}, _anchor: {…}, …}
(index):100 [addListener ] history = 
(index):101 X.Block {_id: 25, _tag: "history", _position: {…}, _anchor: {…}, _width: 299.86572, …}
(index):102 [addListener ] dialog = 
(index):103 X.Block {_id: 8, _displayName: "块", _tag: "dialog", _position: {…}, _anchor: {…}, …}
(index):105 node.getHost()  = 
(index):106 null
(index):93 [addListener ]  mousemove  e = 
(index):94 MouseEvent {isTrusted: true, screenX: 945, screenY: 354, clientX: 945, clientY: 252, …}
(index):96 [addListener ] node = 
(index):97 X.Block {_id: 8, _displayName: "块", _tag: "dialog", _position: {…}, _anchor: {…}, …}
(index):100 [addListener ] history = 
(index):101 X.Block {_id: 25, _tag: "history", _position: {…}, _anchor: {…}, _width: 299.86572, …}
(index):102 [addListener ] dialog = 
(index):103 X.Block {_id: 8, _displayName: "块", _tag: "dialog", _position: {…}, _anchor: {…}, …}
(index):105 node.getHost()  = 
(index):106 null
(index):93 [addListener ]  mousemove  e = 
(index):94 MouseEvent {isTrusted: true, screenX: 945, screenY: 352, clientX: 945, clientY: 250, …}
(index):96 [addListener ] node = 
(index):97 X.Block {_id: 8, _displayName: "块", _tag: "dialog", _position: {…}, _anchor: {…}, …}
(index):100 [addListener ] history = 
(index):101 X.Block {_id: 25, _tag: "history", _position: {…}, _anchor: {…}, _width: 299.86572, …}
(index):102 [addListener ] dialog = 
(index):103 X.Block {_id: 8, _displayName: "块", _tag: "dialog", _position: {…}, _anchor: {…}, …}
(index):105 node.getHost()  = 
(index):106 null
(index):93 [addListener ]  mousemove  e = 
(index):94 MouseEvent {isTrusted: true, screenX: 945, screenY: 349, clientX: 945, clientY: 247, …}
(index):96 [addListener ] node = 
(index):97 X.Block {_id: 8, _displayName: "块", _tag: "dialog", _position: {…}, _anchor: {…}, …}
(index):100 [addListener ] history = 
(index):101 X.Block {_id: 25, _tag: "history", _position: {…}, _anchor: {…}, _width: 299.86572, …}
(index):102 [addListener ] dialog = 
(index):103 X.Block {_id: 8, _displayName: "块", _tag: "dialog", _position: {…}, _anchor: {…}, …}
(index):105 node.getHost()  = 
(index):106 null
(index):93 [addListener ]  mousemove  e = 
(index):94 MouseEvent {isTrusted: true, screenX: 945, screenY: 347, clientX: 945, clientY: 245, …}
(index):96 [addListener ] node = 
(index):97 X.Block {_id: 8, _displayName: "块", _tag: "dialog", _position: {…}, _anchor: {…}, …}
(index):100 [addListener ] history = 
(index):101 X.Block {_id: 25, _tag: "history", _position: {…}, _anchor: {…}, _width: 299.86572, …}
(index):102 [addListener ] dialog = 
(index):103 X.Block {_id: 8, _displayName: "块", _tag: "dialog", _position: {…}, _anchor: {…}, …}
(index):105 node.getHost()  = 
(index):106 null
(index):93 [addListener ]  mousemove  e = 
(index):94 MouseEvent {isTrusted: true, screenX: 945, screenY: 346, clientX: 945, clientY: 244, …}
(index):96 [addListener ] node = 
(index):97 X.Block {_id: 8, _displayName: "块", _tag: "dialog", _position: {…}, _anchor: {…}, …}
(index):100 [addListener ] history = 
(index):101 X.Block {_id: 25, _tag: "history", _position: {…}, _anchor: {…}, _width: 299.86572, …}
(index):102 [addListener ] dialog = 
(index):103 X.Block {_id: 8, _displayName: "块", _tag: "dialog", _position: {…}, _anchor: {…}, …}
(index):105 node.getHost()  = 
(index):106 null
(index):93 [addListener ]  mousemove  e = 
(index):94 MouseEvent {isTrusted: true, screenX: 945, screenY: 344, clientX: 945, clientY: 242, …}
(index):96 [addListener ] node = 
(index):97 X.Block {_id: 8, _displayName: "块", _tag: "dialog", _position: {…}, _anchor: {…}, …}
(index):100 [addListener ] history = 
(index):101 X.Block {_id: 25, _tag: "history", _position: {…}, _anchor: {…}, _width: 299.86572, …}
(index):102 [addListener ] dialog = 
(index):103 X.Block {_id: 8, _displayName: "块", _tag: "dialog", _position: {…}, _anchor: {…}, …}
(index):105 node.getHost()  = 
(index):106 null
(index):93 [addListener ]  mousemove  e = 
(index):94 MouseEvent {isTrusted: true, screenX: 946, screenY: 344, clientX: 946, clientY: 242, …}
(index):96 [addListener ] node = 
(index):97 X.Block {_id: 8, _displayName: "块", _tag: "dialog", _position: {…}, _anchor: {…}, …}
(index):100 [addListener ] history = 
(index):101 X.Block {_id: 25, _tag: "history", _position: {…}, _anchor: {…}, _width: 299.86572, …}
(index):102 [addListener ] dialog = 
(index):103 X.Block {_id: 8, _displayName: "块", _tag: "dialog", _position: {…}, _anchor: {…}, …}
(index):105 node.getHost()  = 
(index):106 null
(index):93 [addListener ]  mousemove  e = 
(index):94 MouseEvent {isTrusted: true, screenX: 947, screenY: 343, clientX: 947, clientY: 241, …}
(index):96 [addListener ] node = 
(index):97 X.Block {_id: 8, _displayName: "块", _tag: "dialog", _position: {…}, _anchor: {…}, …}
(index):100 [addListener ] history = 
(index):101 X.Block {_id: 25, _tag: "history", _position: {…}, _anchor: {…}, _width: 299.86572, …}
(index):102 [addListener ] dialog = 
(index):103 X.Block {_id: 8, _displayName: "块", _tag: "dialog", _position: {…}, _anchor: {…}, …}
(index):105 node.getHost()  = 
(index):106 null
(index):117 [g2d.mi ] enter g2d.mi ...
(index):120 [g2d.mi ] clickData 
(index):140 [g2d.mi ] exit g2d.mi ...
(index):93 [addListener ]  mousemove  e = 
(index):94 MouseEvent {isTrusted: true, screenX: 947, screenY: 343, clientX: 947, clientY: 241, …}
(index):96 [addListener ] node = 
(index):97 X.Block {_id: 8, _displayName: "块", _tag: "dialog", _position: {…}, _anchor: {…}, …}
(index):100 [addListener ] history = 
(index):101 X.Block {_id: 25, _tag: "history", _position: {…}, _anchor: {…}, _width: 299.86572, …}
(index):102 [addListener ] dialog = 
(index):103 X.Block {_id: 8, _displayName: "块", _tag: "dialog", _position: {…}, _anchor: {…}, …}
(index):105 node.getHost()  = 
(index):106 null
(index):93 [addListener ]  mousemove  e = 
(index):94 MouseEvent {isTrusted: true, screenX: 947, screenY: 344, clientX: 947, clientY: 242, …}
(index):96 [addListener ] node = 
(index):97 X.Block {_id: 8, _displayName: "块", _tag: "dialog", _position: {…}, _anchor: {…}, …}
(index):100 [addListener ] history = 
(index):101 X.Block {_id: 25, _tag: "history", _position: {…}, _anchor: {…}, _width: 299.86572, …}
(index):102 [addListener ] dialog = 
(index):103 X.Block {_id: 8, _displayName: "块", _tag: "dialog", _position: {…}, _anchor: {…}, …}
(index):105 node.getHost()  = 
(index):106 null
(index):93 [addListener ]  mousemove  e = 
(index):94 MouseEvent {isTrusted: true, screenX: 945, screenY: 349, clientX: 945, clientY: 247, …}
(index):96 [addListener ] node = 
(index):97 X.Block {_id: 8, _displayName: "块", _tag: "dialog", _position: {…}, _anchor: {…}, …}
(index):100 [addListener ] history = 
(index):101 X.Block {_id: 25, _tag: "history", _position: {…}, _anchor: {…}, _width: 299.86572, …}
(index):102 [addListener ] dialog = 
(index):103 X.Block {_id: 8, _displayName: "块", _tag: "dialog", _position: {…}, _anchor: {…}, …}
(index):105 node.getHost()  = 
(index):106 null
(index):93 [addListener ]  mousemove  e = 
(index):94 MouseEvent {isTrusted: true, screenX: 941, screenY: 356, clientX: 941, clientY: 254, …}
(index):96 [addListener ] node = 
(index):97 X.Block {_id: 8, _displayName: "块", _tag: "dialog", _position: {…}, _anchor: {…}, …}
(index):100 [addListener ] history = 
(index):101 X.Block {_id: 25, _tag: "history", _position: {…}, _anchor: {…}, _width: 299.86572, …}
(index):102 [addListener ] dialog = 
(index):103 X.Block {_id: 8, _displayName: "块", _tag: "dialog", _position: {…}, _anchor: {…}, …}
(index):105 node.getHost()  = 
(index):106 null
(index):93 [addListener ]  mousemove  e = 
(index):94 MouseEvent {isTrusted: true, screenX: 938, screenY: 367, clientX: 938, clientY: 265, …}
(index):96 [addListener ] node = 
(index):97 X.Block {_id: 8, _displayName: "块", _tag: "dialog", _position: {…}, _anchor: {…}, …}
(index):100 [addListener ] history = 
(index):101 X.Block {_id: 25, _tag: "history", _position: {…}, _anchor: {…}, _width: 299.86572, …}
(index):102 [addListener ] dialog = 
(index):103 X.Block {_id: 8, _displayName: "块", _tag: "dialog", _position: {…}, _anchor: {…}, …}
(index):105 node.getHost()  = 
(index):106 null
(index):93 [addListener ]  mousemove  e = 
(index):94 MouseEvent {isTrusted: true, screenX: 935, screenY: 384, clientX: 935, clientY: 282, …}
(index):96 [addListener ] node = 
(index):97 X.Block {_id: 8, _displayName: "块", _tag: "dialog", _position: {…}, _anchor: {…}, …}
(index):100 [addListener ] history = 
(index):101 X.Block {_id: 25, _tag: "history", _position: {…}, _anchor: {…}, _width: 299.86572, …}
(index):102 [addListener ] dialog = 
(index):103 X.Block {_id: 8, _displayName: "块", _tag: "dialog", _position: {…}, _anchor: {…}, …}
(index):105 node.getHost()  = 
(index):106 null
(index):93 [addListener ]  mousemove  e = 
(index):94 MouseEvent {isTrusted: true, screenX: 926, screenY: 411, clientX: 926, clientY: 309, …}
(index):96 [addListener ] node = 
(index):97 X.Block {_id: 8, _displayName: "块", _tag: "dialog", _position: {…}, _anchor: {…}, …}
(index):100 [addListener ] history = 
(index):101 X.Block {_id: 25, _tag: "history", _position: {…}, _anchor: {…}, _width: 299.86572, …}
(index):102 [addListener ] dialog = 
(index):103 X.Block {_id: 8, _displayName: "块", _tag: "dialog", _position: {…}, _anchor: {…}, …}
(index):105 node.getHost()  = 
(index):106 null
(index):93 [addListener ]  mousemove  e = 
(index):94 MouseEvent {isTrusted: true, screenX: 899, screenY: 509, clientX: 899, clientY: 407, …}
(index):96 [addListener ] node = 
(index):97 undefined
(index):100 [addListener ] history = 
(index):101 X.Block {_id: 25, _tag: "history", _position: {…}, _anchor: {…}, _width: 299.86572, …}
(index):102 [addListener ] dialog = 
(index):103 X.Block {_id: 8, _displayName: "块", _tag: "dialog", _position: {…}, _anchor: {…}, …}
(index):93 [addListener ]  mousemove  e = 
(index):94 MouseEvent {isTrusted: true, screenX: 880, screenY: 588, clientX: 880, clientY: 486, …}
(index):96 [addListener ] node = 
(index):97 undefined
(index):100 [addListener ] history = 
(index):101 X.Block {_id: 25, _tag: "history", _position: {…}, _anchor: {…}, _width: 299.86572, …}
(index):102 [addListener ] dialog = 
(index):103 X.Block {_id: 8, _displayName: "块", _tag: "dialog", _position: {…}, _anchor: {…}, …}
(index):117 [g2d.mi ] enter g2d.mi ...
(index):140 [g2d.mi ] exit g2d.mi ...
